[2024-04-27  15:20:48.684] loggerx.py -> logger line:55 [INFO] : ========> parse_process - ('REPLACE INTO LOGPID VALUES (?, ?, ?, ?, ?, ?, ?, ?, ?)', ['root', '1', '0', '12396532', '11120', '0', '0', 'S', 'init'])
[2024-04-27  15:20:48.684] loggerx.py -> logger line:55 [INFO] : ========> parse_process - ('REPLACE INTO LOGPID VALUES (?, ?, ?, ?, ?, ?, ?, ?, ?)', ['root', '2', '0', '0', '0', '0', '0', 'S', '[kthreadd]'])
[2024-04-27  15:20:48.685] loggerx.py -> logger line:55 [INFO] : ========> parse_process - ('REPLACE INTO LOGPID VALUES (?, ?, ?, ?, ?, ?, ?, ?, ?)', ['root', '3', '2', '0', '0', '0', '0', 'I', '[rcu_gp]'])
[2024-04-27  15:20:48.685] loggerx.py -> logger line:55 [INFO] : ========> parse_process - ('REPLACE INTO LOGPID VALUES (?, ?, ?, ?, ?, ?, ?, ?, ?)', ['root', '4', '2', '0', '0', '0', '0', 'I', '[rcu_par_gp]'])
[2024-04-27  15:20:48.685] loggerx.py -> logger line:55 [INFO] : ========> parse_process - ('REPLACE INTO LOGPID VALUES (?, ?, ?, ?, ?, ?, ?, ?, ?)', ['root', '6', '2', '0', '0', '0', '0', 'I', '[kworker/0:0H-kblockd]'])
[2024-04-27  15:20:48.685] loggerx.py -> logger line:55 [INFO] : ========> parse_process - ('REPLACE INTO LOGPID VALUES (?, ?, ?, ?, ?, ?, ?, ?, ?)', ['root', '8', '2', '0', '0', '0', '0', 'I', '[mm_percpu_wq]'])
[2024-04-27  15:20:48.685] loggerx.py -> logger line:55 [INFO] : ========> parse_process - ('REPLACE INTO LOGPID VALUES (?, ?, ?, ?, ?, ?, ?, ?, ?)', ['root', '9', '2', '0', '0', '0', '0', 'S', '[ksoftirqd/0]'])
[2024-04-27  15:20:48.686] loggerx.py -> logger line:55 [INFO] : ========> parse_process - ('REPLACE INTO LOGPID VALUES (?, ?, ?, ?, ?, ?, ?, ?, ?)', ['root', '10', '2', '0', '0', '0', '0', 'I', '[rcu_preempt]'])
[2024-04-27  15:20:48.686] loggerx.py -> logger line:55 [INFO] : ========> parse_process - ('REPLACE INTO LOGPID VALUES (?, ?, ?, ?, ?, ?, ?, ?, ?)', ['root', '11', '2', '0', '0', '0', '0', 'S', '[migration/0]'])
[2024-04-27  15:20:48.686] loggerx.py -> logger line:55 [INFO] : ========> parse_process - ('REPLACE INTO LOGPID VALUES (?, ?, ?, ?, ?, ?, ?, ?, ?)', ['root', '13', '2', '0', '0', '0', '0', 'S', '[cpuhp/0]'])
[2024-04-27  15:20:48.686] loggerx.py -> logger line:55 [INFO] : ========> parse_process - ('REPLACE INTO LOGPID VALUES (?, ?, ?, ?, ?, ?, ?, ?, ?)', ['root', '14', '2', '0', '0', '0', '0', 'S', '[cpuhp/1]'])
[2024-04-27  15:20:48.686] loggerx.py -> logger line:55 [INFO] : ========> parse_process - ('REPLACE INTO LOGPID VALUES (?, ?, ?, ?, ?, ?, ?, ?, ?)', ['root', '15', '2', '0', '0', '0', '0', 'S', '[migration/1]'])
[2024-04-27  15:20:48.686] loggerx.py -> logger line:55 [INFO] : ========> parse_process - ('REPLACE INTO LOGPID VALUES (?, ?, ?, ?, ?, ?, ?, ?, ?)', ['root', '16', '2', '0', '0', '0', '0', 'S', '[ksoftirqd/1]'])
[2024-04-27  15:20:48.687] loggerx.py -> logger line:55 [INFO] : ========> parse_process - ('REPLACE INTO LOGPID VALUES (?, ?, ?, ?, ?, ?, ?, ?, ?)', ['root', '18', '2', '0', '0', '0', '0', 'I', '[kworker/1:0H-kblockd]'])
[2024-04-27  15:20:48.687] loggerx.py -> logger line:55 [INFO] : ========> parse_process - ('REPLACE INTO LOGPID VALUES (?, ?, ?, ?, ?, ?, ?, ?, ?)', ['root', '19', '2', '0', '0', '0', '0', 'S', '[cpuhp/2]'])
[2024-04-27  15:20:48.687] loggerx.py -> logger line:55 [INFO] : ========> parse_process - ('REPLACE INTO LOGPID VALUES (?, ?, ?, ?, ?, ?, ?, ?, ?)', ['root', '20', '2', '0', '0', '0', '0', 'S', '[migration/2]'])
[2024-04-27  15:20:48.687] loggerx.py -> logger line:55 [INFO] : ========> parse_process - ('REPLACE INTO LOGPID VALUES (?, ?, ?, ?, ?, ?, ?, ?, ?)', ['root', '21', '2', '0', '0', '0', '0', 'S', '[ksoftirqd/2]'])
[2024-04-27  15:20:48.687] loggerx.py -> logger line:55 [INFO] : ========> parse_process - ('REPLACE INTO LOGPID VALUES (?, ?, ?, ?, ?, ?, ?, ?, ?)', ['root', '23', '2', '0', '0', '0', '0', 'I', '[kworker/2:0H-kblockd]'])
[2024-04-27  15:20:48.688] loggerx.py -> logger line:55 [INFO] : ========> parse_process - ('REPLACE INTO LOGPID VALUES (?, ?, ?, ?, ?, ?, ?, ?, ?)', ['root', '24', '2', '0', '0', '0', '0', 'S', '[cpuhp/3]'])
[2024-04-27  15:20:48.688] loggerx.py -> logger line:55 [INFO] : ========> parse_process - ('REPLACE INTO LOGPID VALUES (?, ?, ?, ?, ?, ?, ?, ?, ?)', ['root', '25', '2', '0', '0', '0', '0', 'S', '[migration/3]'])
[2024-04-27  15:20:48.688] loggerx.py -> logger line:55 [INFO] : ========> parse_process - ('REPLACE INTO LOGPID VALUES (?, ?, ?, ?, ?, ?, ?, ?, ?)', ['root', '26', '2', '0', '0', '0', '0', 'S', '[ksoftirqd/3]'])
[2024-04-27  15:20:48.688] loggerx.py -> logger line:55 [INFO] : ========> parse_process - ('REPLACE INTO LOGPID VALUES (?, ?, ?, ?, ?, ?, ?, ?, ?)', ['root', '28', '2', '0', '0', '0', '0', 'I', '[kworker/3:0H-kblockd]'])
[2024-04-27  15:20:48.688] loggerx.py -> logger line:55 [INFO] : ========> parse_process - ('REPLACE INTO LOGPID VALUES (?, ?, ?, ?, ?, ?, ?, ?, ?)', ['root', '29', '2', '0', '0', '0', '0', 'S', '[cpuhp/4]'])
[2024-04-27  15:20:48.688] loggerx.py -> logger line:55 [INFO] : ========> parse_process - ('REPLACE INTO LOGPID VALUES (?, ?, ?, ?, ?, ?, ?, ?, ?)', ['root', '30', '2', '0', '0', '0', '0', 'S', '[migration/4]'])
[2024-04-27  15:20:48.689] loggerx.py -> logger line:55 [INFO] : ========> parse_process - ('REPLACE INTO LOGPID VALUES (?, ?, ?, ?, ?, ?, ?, ?, ?)', ['root', '31', '2', '0', '0', '0', '0', 'S', '[ksoftirqd/4]'])
[2024-04-27  15:20:48.689] loggerx.py -> logger line:55 [INFO] : ========> parse_process - ('REPLACE INTO LOGPID VALUES (?, ?, ?, ?, ?, ?, ?, ?, ?)', ['root', '33', '2', '0', '0', '0', '0', 'I', '[kworker/4:0H-kblockd]'])
[2024-04-27  15:20:48.689] loggerx.py -> logger line:55 [INFO] : ========> parse_process - ('REPLACE INTO LOGPID VALUES (?, ?, ?, ?, ?, ?, ?, ?, ?)', ['root', '34', '2', '0', '0', '0', '0', 'S', '[cpuhp/5]'])
[2024-04-27  15:20:48.689] loggerx.py -> logger line:55 [INFO] : ========> parse_process - ('REPLACE INTO LOGPID VALUES (?, ?, ?, ?, ?, ?, ?, ?, ?)', ['root', '35', '2', '0', '0', '0', '0', 'S', '[migration/5]'])
[2024-04-27  15:20:48.689] loggerx.py -> logger line:55 [INFO] : ========> parse_process - ('REPLACE INTO LOGPID VALUES (?, ?, ?, ?, ?, ?, ?, ?, ?)', ['root', '36', '2', '0', '0', '0', '0', 'S', '[ksoftirqd/5]'])
[2024-04-27  15:20:48.689] loggerx.py -> logger line:55 [INFO] : ========> parse_process - ('REPLACE INTO LOGPID VALUES (?, ?, ?, ?, ?, ?, ?, ?, ?)', ['root', '38', '2', '0', '0', '0', '0', 'I', '[kworker/5:0H-kblockd]'])
[2024-04-27  15:20:48.690] loggerx.py -> logger line:55 [INFO] : ========> parse_process - ('REPLACE INTO LOGPID VALUES (?, ?, ?, ?, ?, ?, ?, ?, ?)', ['root', '39', '2', '0', '0', '0', '0', 'S', '[cpuhp/6]'])
[2024-04-27  15:20:48.690] loggerx.py -> logger line:55 [INFO] : ========> parse_process - ('REPLACE INTO LOGPID VALUES (?, ?, ?, ?, ?, ?, ?, ?, ?)', ['root', '40', '2', '0', '0', '0', '0', 'S', '[migration/6]'])
[2024-04-27  15:20:48.690] loggerx.py -> logger line:55 [INFO] : ========> parse_process - ('REPLACE INTO LOGPID VALUES (?, ?, ?, ?, ?, ?, ?, ?, ?)', ['root', '41', '2', '0', '0', '0', '0', 'S', '[ksoftirqd/6]'])
[2024-04-27  15:20:48.690] loggerx.py -> logger line:55 [INFO] : ========> parse_process - ('REPLACE INTO LOGPID VALUES (?, ?, ?, ?, ?, ?, ?, ?, ?)', ['root', '43', '2', '0', '0', '0', '0', 'I', '[kworker/6:0H-kblockd]'])
[2024-04-27  15:20:48.690] loggerx.py -> logger line:55 [INFO] : ========> parse_process - ('REPLACE INTO LOGPID VALUES (?, ?, ?, ?, ?, ?, ?, ?, ?)', ['root', '44', '2', '0', '0', '0', '0', 'S', '[cpuhp/7]'])
[2024-04-27  15:20:48.690] loggerx.py -> logger line:55 [INFO] : ========> parse_process - ('REPLACE INTO LOGPID VALUES (?, ?, ?, ?, ?, ?, ?, ?, ?)', ['root', '45', '2', '0', '0', '0', '0', 'S', '[migration/7]'])
[2024-04-27  15:20:48.691] loggerx.py -> logger line:55 [INFO] : ========> parse_process - ('REPLACE INTO LOGPID VALUES (?, ?, ?, ?, ?, ?, ?, ?, ?)', ['root', '46', '2', '0', '0', '0', '0', 'S', '[ksoftirqd/7]'])
[2024-04-27  15:20:48.691] loggerx.py -> logger line:55 [INFO] : ========> parse_process - ('REPLACE INTO LOGPID VALUES (?, ?, ?, ?, ?, ?, ?, ?, ?)', ['root', '48', '2', '0', '0', '0', '0', 'I', '[kworker/7:0H-kblockd]'])
[2024-04-27  15:20:48.691] loggerx.py -> logger line:55 [INFO] : ========> parse_process - ('REPLACE INTO LOGPID VALUES (?, ?, ?, ?, ?, ?, ?, ?, ?)', ['root', '49', '2', '0', '0', '0', '0', 'I', '[netns]'])
[2024-04-27  15:20:48.691] loggerx.py -> logger line:55 [INFO] : ========> parse_process - ('REPLACE INTO LOGPID VALUES (?, ?, ?, ?, ?, ?, ?, ?, ?)', ['root', '50', '2', '0', '0', '0', '0', 'S', '[rcu_tasks_kthre]'])
[2024-04-27  15:20:48.691] loggerx.py -> logger line:55 [INFO] : ========> parse_process - ('REPLACE INTO LOGPID VALUES (?, ?, ?, ?, ?, ?, ?, ?, ?)', ['root', '52', '2', '0', '0', '0', '0', 'S', '[kauditd]'])
[2024-04-27  15:20:48.691] loggerx.py -> logger line:55 [INFO] : ========> parse_process - ('REPLACE INTO LOGPID VALUES (?, ?, ?, ?, ?, ?, ?, ?, ?)', ['root', '54', '2', '0', '0', '0', '0', 'S', '[qrtr_ns]'])
[2024-04-27  15:20:48.692] loggerx.py -> logger line:55 [INFO] : ========> parse_process - ('REPLACE INTO LOGPID VALUES (?, ?, ?, ?, ?, ?, ?, ?, ?)', ['root', '55', '2', '0', '0', '0', '0', 'I', '[kworker/u16:1-adb]'])
[2024-04-27  15:20:48.692] loggerx.py -> logger line:55 [INFO] : ========> parse_process - ('REPLACE INTO LOGPID VALUES (?, ?, ?, ?, ?, ?, ?, ?, ?)', ['root', '58', '2', '0', '0', '0', '0', 'S', '[msm-watchdog]'])
[2024-04-27  15:20:48.692] loggerx.py -> logger line:55 [INFO] : ========> parse_process - ('REPLACE INTO LOGPID VALUES (?, ?, ?, ?, ?, ?, ?, ?, ?)', ['root', '59', '2', '0', '0', '0', '0', 'S', '[khungtaskd]'])
[2024-04-27  15:20:48.692] loggerx.py -> logger line:55 [INFO] : ========> parse_process - ('REPLACE INTO LOGPID VALUES (?, ?, ?, ?, ?, ?, ?, ?, ?)', ['root', '60', '2', '0', '0', '0', '0', 'S', '[oom_reaper]'])
[2024-04-27  15:20:48.692] loggerx.py -> logger line:55 [INFO] : ========> parse_process - ('REPLACE INTO LOGPID VALUES (?, ?, ?, ?, ?, ?, ?, ?, ?)', ['root', '61', '2', '0', '0', '0', '0', 'I', '[writeback]'])
[2024-04-27  15:20:48.692] loggerx.py -> logger line:55 [INFO] : ========> parse_process - ('REPLACE INTO LOGPID VALUES (?, ?, ?, ?, ?, ?, ?, ?, ?)', ['root', '62', '2', '0', '0', '0', '0', 'S', '[kcompactd0]'])
[2024-04-27  15:20:48.693] loggerx.py -> logger line:55 [INFO] : ========> parse_process - ('REPLACE INTO LOGPID VALUES (?, ?, ?, ?, ?, ?, ?, ?, ?)', ['root', '76', '2', '0', '0', '0', '0', 'I', '[cryptd]'])
[2024-04-27  15:20:48.693] loggerx.py -> logger line:55 [INFO] : ========> parse_process - ('REPLACE INTO LOGPID VALUES (?, ?, ?, ?, ?, ?, ?, ?, ?)', ['root', '108', '2', '0', '0', '0', '0', 'I', '[kblockd]'])
[2024-04-27  15:20:48.693] loggerx.py -> logger line:55 [INFO] : ========> parse_process - ('REPLACE INTO LOGPID VALUES (?, ?, ?, ?, ?, ?, ?, ?, ?)', ['root', '109', '2', '0', '0', '0', '0', 'I', '[blk_crypto_wq]'])
[2024-04-27  15:20:48.693] loggerx.py -> logger line:55 [INFO] : ========> parse_process - ('REPLACE INTO LOGPID VALUES (?, ?, ?, ?, ?, ?, ?, ?, ?)', ['root', '110', '2', '0', '0', '0', '0', 'I', '[blkcg_punt_bio]'])
[2024-04-27  15:20:48.693] loggerx.py -> logger line:55 [INFO] : ========> parse_process - ('REPLACE INTO LOGPID VALUES (?, ?, ?, ?, ?, ?, ?, ?, ?)', ['root', '111', '2', '0', '0', '0', '0', 'I', '[wq_dump]'])
[2024-04-27  15:20:48.693] loggerx.py -> logger line:55 [INFO] : ========> parse_process - ('REPLACE INTO LOGPID VALUES (?, ?, ?, ?, ?, ?, ?, ?, ?)', ['root', '112', '2', '0', '0', '0', '0', 'I', '[wq_dump]'])
[2024-04-27  15:20:48.694] loggerx.py -> logger line:55 [INFO] : ========> parse_process - ('REPLACE INTO LOGPID VALUES (?, ?, ?, ?, ?, ?, ?, ?, ?)', ['root', '113', '2', '0', '0', '0', '0', 'I', '[wq_dump]'])
[2024-04-27  15:20:48.694] loggerx.py -> logger line:55 [INFO] : ========> parse_process - ('REPLACE INTO LOGPID VALUES (?, ?, ?, ?, ?, ?, ?, ?, ?)', ['root', '114', '2', '0', '0', '0', '0', 'I', '[wq_dump]'])
[2024-04-27  15:20:48.694] loggerx.py -> logger line:55 [INFO] : ========> parse_process - ('REPLACE INTO LOGPID VALUES (?, ?, ?, ?, ?, ?, ?, ?, ?)', ['root', '115', '2', '0', '0', '0', '0', 'I', '[wq_dump]'])
[2024-04-27  15:20:48.694] loggerx.py -> logger line:55 [INFO] : ========> parse_process - ('REPLACE INTO LOGPID VALUES (?, ?, ?, ?, ?, ?, ?, ?, ?)', ['root', '116', '2', '0', '0', '0', '0', 'I', '[wq_dump]'])
[2024-04-27  15:20:48.694] loggerx.py -> logger line:55 [INFO] : ========> parse_process - ('REPLACE INTO LOGPID VALUES (?, ?, ?, ?, ?, ?, ?, ?, ?)', ['root', '117', '2', '0', '0', '0', '0', 'I', '[wq_dump]'])
[2024-04-27  15:20:48.695] loggerx.py -> logger line:55 [INFO] : ========> parse_process - ('REPLACE INTO LOGPID VALUES (?, ?, ?, ?, ?, ?, ?, ?, ?)', ['root', '118', '2', '0', '0', '0', '0', 'I', '[wq_dump]'])
[2024-04-27  15:20:48.695] loggerx.py -> logger line:55 [INFO] : ========> parse_process - ('REPLACE INTO LOGPID VALUES (?, ?, ?, ?, ?, ?, ?, ?, ?)', ['root', '119', '2', '0', '0', '0', '0', 'I', '[wq_dump]'])
[2024-04-27  15:20:48.695] loggerx.py -> logger line:55 [INFO] : ========> parse_process - ('REPLACE INTO LOGPID VALUES (?, ?, ?, ?, ?, ?, ?, ?, ?)', ['root', '120', '2', '0', '0', '0', '0', 'I', '[wq_dump]'])
[2024-04-27  15:20:48.695] loggerx.py -> logger line:55 [INFO] : ========> parse_process - ('REPLACE INTO LOGPID VALUES (?, ?, ?, ?, ?, ?, ?, ?, ?)', ['root', '121', '2', '0', '0', '0', '0', 'I', '[wq_dump]'])
[2024-04-27  15:20:48.695] loggerx.py -> logger line:55 [INFO] : ========> parse_process - ('REPLACE INTO LOGPID VALUES (?, ?, ?, ?, ?, ?, ?, ?, ?)', ['root', '122', '2', '0', '0', '0', '0', 'I', '[wq_dump]'])
[2024-04-27  15:20:48.695] loggerx.py -> logger line:55 [INFO] : ========> parse_process - ('REPLACE INTO LOGPID VALUES (?, ?, ?, ?, ?, ?, ?, ?, ?)', ['root', '123', '2', '0', '0', '0', '0', 'I', '[wq_dump]'])
[2024-04-27  15:20:48.695] loggerx.py -> logger line:55 [INFO] : ========> parse_process - ('REPLACE INTO LOGPID VALUES (?, ?, ?, ?, ?, ?, ?, ?, ?)', ['root', '124', '2', '0', '0', '0', '0', 'I', '[wq_dump]'])
[2024-04-27  15:20:48.696] loggerx.py -> logger line:55 [INFO] : ========> parse_process - ('REPLACE INTO LOGPID VALUES (?, ?, ?, ?, ?, ?, ?, ?, ?)', ['root', '125', '2', '0', '0', '0', '0', 'I', '[wq_dump]'])
[2024-04-27  15:20:48.696] loggerx.py -> logger line:55 [INFO] : ========> parse_process - ('REPLACE INTO LOGPID VALUES (?, ?, ?, ?, ?, ?, ?, ?, ?)', ['root', '126', '2', '0', '0', '0', '0', 'I', '[wq_dump]'])
[2024-04-27  15:20:48.696] loggerx.py -> logger line:55 [INFO] : ========> parse_process - ('REPLACE INTO LOGPID VALUES (?, ?, ?, ?, ?, ?, ?, ?, ?)', ['root', '127', '2', '0', '0', '0', '0', 'I', '[wq_dump]'])
[2024-04-27  15:20:48.696] loggerx.py -> logger line:55 [INFO] : ========> parse_process - ('REPLACE INTO LOGPID VALUES (?, ?, ?, ?, ?, ?, ?, ?, ?)', ['root', '128', '2', '0', '0', '0', '0', 'I', '[wq_dump]'])
[2024-04-27  15:20:48.696] loggerx.py -> logger line:55 [INFO] : ========> parse_process - ('REPLACE INTO LOGPID VALUES (?, ?, ?, ?, ?, ?, ?, ?, ?)', ['root', '129', '2', '0', '0', '0', '0', 'I', '[wq_dump]'])
[2024-04-27  15:20:48.696] loggerx.py -> logger line:55 [INFO] : ========> parse_process - ('REPLACE INTO LOGPID VALUES (?, ?, ?, ?, ?, ?, ?, ?, ?)', ['root', '130', '2', '0', '0', '0', '0', 'I', '[wq_dump]'])
[2024-04-27  15:20:48.697] loggerx.py -> logger line:55 [INFO] : ========> parse_process - ('REPLACE INTO LOGPID VALUES (?, ?, ?, ?, ?, ?, ?, ?, ?)', ['root', '131', '2', '0', '0', '0', '0', 'I', '[wq_dump]'])
[2024-04-27  15:20:48.697] loggerx.py -> logger line:55 [INFO] : ========> parse_process - ('REPLACE INTO LOGPID VALUES (?, ?, ?, ?, ?, ?, ?, ?, ?)', ['root', '132', '2', '0', '0', '0', '0', 'I', '[wq_dump]'])
[2024-04-27  15:20:48.697] loggerx.py -> logger line:55 [INFO] : ========> parse_process - ('REPLACE INTO LOGPID VALUES (?, ?, ?, ?, ?, ?, ?, ?, ?)', ['root', '133', '2', '0', '0', '0', '0', 'I', '[wq_dump]'])
[2024-04-27  15:20:48.697] loggerx.py -> logger line:55 [INFO] : ========> parse_process - ('REPLACE INTO LOGPID VALUES (?, ?, ?, ?, ?, ?, ?, ?, ?)', ['root', '134', '2', '0', '0', '0', '0', 'S', '[irq/12-arm-smmu]'])
[2024-04-27  15:20:48.697] loggerx.py -> logger line:55 [INFO] : ========> parse_process - ('REPLACE INTO LOGPID VALUES (?, ?, ?, ?, ?, ?, ?, ?, ?)', ['root', '135', '2', '0', '0', '0', '0', 'I', '[edac-poller]'])
[2024-04-27  15:20:48.697] loggerx.py -> logger line:55 [INFO] : ========> parse_process - ('REPLACE INTO LOGPID VALUES (?, ?, ?, ?, ?, ?, ?, ?, ?)', ['root', '136', '2', '0', '0', '0', '0', 'I', '[devfreq_wq]'])
[2024-04-27  15:20:48.698] loggerx.py -> logger line:55 [INFO] : ========> parse_process - ('REPLACE INTO LOGPID VALUES (?, ?, ?, ?, ?, ?, ?, ?, ?)', ['root', '137', '2', '0', '0', '0', '0', 'I', '[ipa_usb_wq]'])
[2024-04-27  15:20:48.698] loggerx.py -> logger line:55 [INFO] : ========> parse_process - ('REPLACE INTO LOGPID VALUES (?, ?, ?, ?, ?, ?, ?, ?, ?)', ['root', '138', '2', '0', '0', '0', '0', 'S', '[watchdogd]'])
[2024-04-27  15:20:48.698] loggerx.py -> logger line:55 [INFO] : ========> parse_process - ('REPLACE INTO LOGPID VALUES (?, ?, ?, ?, ?, ?, ?, ?, ?)', ['root', '139', '2', '0', '0', '0', '0', 'S', '[system]'])
[2024-04-27  15:20:48.698] loggerx.py -> logger line:55 [INFO] : ========> parse_process - ('REPLACE INTO LOGPID VALUES (?, ?, ?, ?, ?, ?, ?, ?, ?)', ['root', '140', '2', '0', '0', '0', '0', 'I', '[rpciod]'])
[2024-04-27  15:20:48.698] loggerx.py -> logger line:55 [INFO] : ========> parse_process - ('REPLACE INTO LOGPID VALUES (?, ?, ?, ?, ?, ?, ?, ?, ?)', ['root', '141', '2', '0', '0', '0', '0', 'I', '[xprtiod]'])
[2024-04-27  15:20:48.699] loggerx.py -> logger line:55 [INFO] : ========> parse_process - ('REPLACE INTO LOGPID VALUES (?, ?, ?, ?, ?, ?, ?, ?, ?)', ['root', '142', '2', '0', '0', '0', '0', 'I', '[cfg80211]'])
[2024-04-27  15:20:48.699] loggerx.py -> logger line:55 [INFO] : ========> parse_process - ('REPLACE INTO LOGPID VALUES (?, ?, ?, ?, ?, ?, ?, ?, ?)', ['root', '168', '2', '0', '0', '0', '0', 'S', '[kswapd0:0]'])
[2024-04-27  15:20:48.699] loggerx.py -> logger line:55 [INFO] : ========> parse_process - ('REPLACE INTO LOGPID VALUES (?, ?, ?, ?, ?, ?, ?, ?, ?)', ['root', '169', '2', '0', '0', '0', '0', 'I', '[nfsiod]'])
[2024-04-27  15:20:48.699] loggerx.py -> logger line:55 [INFO] : ========> parse_process - ('REPLACE INTO LOGPID VALUES (?, ?, ?, ?, ?, ?, ?, ?, ?)', ['root', '171', '2', '0', '0', '0', '0', 'I', '[ssr_wq]'])
[2024-04-27  15:20:48.699] loggerx.py -> logger line:55 [INFO] : ========> parse_process - ('REPLACE INTO LOGPID VALUES (?, ?, ?, ?, ?, ?, ?, ?, ?)', ['root', '172', '2', '0', '0', '0', '0', 'S', '[irq/203-adsp]'])
[2024-04-27  15:20:48.699] loggerx.py -> logger line:55 [INFO] : ========> parse_process - ('REPLACE INTO LOGPID VALUES (?, ?, ?, ?, ?, ?, ?, ?, ?)', ['root', '174', '2', '0', '0', '0', '0', 'I', '[hgsl-release-wq]'])
[2024-04-27  15:20:48.700] loggerx.py -> logger line:55 [INFO] : ========> parse_process - ('REPLACE INTO LOGPID VALUES (?, ?, ?, ?, ?, ?, ?, ?, ?)', ['root', '177', '2', '0', '0', '0', '0', 'S', '[khvcd]'])
[2024-04-27  15:20:48.700] loggerx.py -> logger line:55 [INFO] : ========> parse_process - ('REPLACE INTO LOGPID VALUES (?, ?, ?, ?, ?, ?, ?, ?, ?)', ['root', '178', '2', '0', '0', '0', '0', 'S', '[hwrng]'])
[2024-04-27  15:20:48.700] loggerx.py -> logger line:55 [INFO] : ========> parse_process - ('REPLACE INTO LOGPID VALUES (?, ?, ?, ?, ?, ?, ?, ?, ?)', ['root', '180', '2', '0', '0', '0', '0', 'I', '[kworker/3:1H-kblockd]'])
[2024-04-27  15:20:48.700] loggerx.py -> logger line:55 [INFO] : ========> parse_process - ('REPLACE INTO LOGPID VALUES (?, ?, ?, ?, ?, ?, ?, ?, ?)', ['root', '183', '2', '0', '0', '0', '0', 'I', '[kworker/1:1H-kblockd]'])
[2024-04-27  15:20:48.700] loggerx.py -> logger line:55 [INFO] : ========> parse_process - ('REPLACE INTO LOGPID VALUES (?, ?, ?, ?, ?, ?, ?, ?, ?)', ['root', '184', '2', '0', '0', '0', '0', 'I', '[kworker/2:1H-kblockd]'])
[2024-04-27  15:20:48.700] loggerx.py -> logger line:55 [INFO] : ========> parse_process - ('REPLACE INTO LOGPID VALUES (?, ?, ?, ?, ?, ?, ?, ?, ?)', ['root', '185', '2', '0', '0', '0', '0', 'I', '[kworker/0:1H-kblockd]'])
[2024-04-27  15:20:48.701] loggerx.py -> logger line:55 [INFO] : ========> parse_process - ('REPLACE INTO LOGPID VALUES (?, ?, ?, ?, ?, ?, ?, ?, ?)', ['root', '192', '2', '0', '0', '0', '0', 'S', '[qseecom-unreg-l]'])
[2024-04-27  15:20:48.701] loggerx.py -> logger line:55 [INFO] : ========> parse_process - ('REPLACE INTO LOGPID VALUES (?, ?, ?, ?, ?, ?, ?, ?, ?)', ['root', '193', '2', '0', '0', '0', '0', 'S', '[qseecom-unload-]'])
[2024-04-27  15:20:48.701] loggerx.py -> logger line:55 [INFO] : ========> parse_process - ('REPLACE INTO LOGPID VALUES (?, ?, ?, ?, ?, ?, ?, ?, ?)', ['root', '195', '2', '0', '0', '0', '0', 'S', '[irq/20-arm-smmu]'])
[2024-04-27  15:20:48.701] loggerx.py -> logger line:55 [INFO] : ========> parse_process - ('REPLACE INTO LOGPID VALUES (?, ?, ?, ?, ?, ?, ?, ?, ?)', ['root', '196', '2', '0', '0', '0', '0', 'S', '[irq/105-pwr_eve]'])
[2024-04-27  15:20:48.701] loggerx.py -> logger line:55 [INFO] : ========> parse_process - ('REPLACE INTO LOGPID VALUES (?, ?, ?, ?, ?, ?, ?, ?, ?)', ['root', '197', '2', '0', '0', '0', '0', 'S', '[irq/104-dp_hs_p]'])
[2024-04-27  15:20:48.701] loggerx.py -> logger line:55 [INFO] : ========> parse_process - ('REPLACE INTO LOGPID VALUES (?, ?, ?, ?, ?, ?, ?, ?, ?)', ['root', '198', '2', '0', '0', '0', '0', 'S', '[irq/107-dm_hs_p]'])
[2024-04-27  15:20:48.702] loggerx.py -> logger line:55 [INFO] : ========> parse_process - ('REPLACE INTO LOGPID VALUES (?, ?, ?, ?, ?, ?, ?, ?, ?)', ['root', '199', '2', '0', '0', '0', '0', 'S', '[irq/106-ss_phy_]'])
[2024-04-27  15:20:48.702] loggerx.py -> logger line:55 [INFO] : ========> parse_process - ('REPLACE INTO LOGPID VALUES (?, ?, ?, ?, ?, ?, ?, ?, ?)', ['root', '200', '2', '0', '0', '0', '0', 'S', '[irq/21-arm-smmu]'])
[2024-04-27  15:20:48.702] loggerx.py -> logger line:55 [INFO] : ========> parse_process - ('REPLACE INTO LOGPID VALUES (?, ?, ?, ?, ?, ?, ?, ?, ?)', ['root', '201', '2', '0', '0', '0', '0', 'S', '[irq/109-pwr_eve]'])
[2024-04-27  15:20:48.702] loggerx.py -> logger line:55 [INFO] : ========> parse_process - ('REPLACE INTO LOGPID VALUES (?, ?, ?, ?, ?, ?, ?, ?, ?)', ['root', '202', '2', '0', '0', '0', '0', 'S', '[irq/108-dp_hs_p]'])
[2024-04-27  15:20:48.702] loggerx.py -> logger line:55 [INFO] : ========> parse_process - ('REPLACE INTO LOGPID VALUES (?, ?, ?, ?, ?, ?, ?, ?, ?)', ['root', '203', '2', '0', '0', '0', '0', 'S', '[irq/111-dm_hs_p]'])
[2024-04-27  15:20:48.702] loggerx.py -> logger line:55 [INFO] : ========> parse_process - ('REPLACE INTO LOGPID VALUES (?, ?, ?, ?, ?, ?, ?, ?, ?)', ['root', '204', '2', '0', '0', '0', '0', 'S', '[irq/110-ss_phy_]'])
[2024-04-27  15:20:48.703] loggerx.py -> logger line:55 [INFO] : ========> parse_process - ('REPLACE INTO LOGPID VALUES (?, ?, ?, ?, ?, ?, ?, ?, ?)', ['root', '206', '2', '0', '0', '0', '0', 'I', '[uas]'])
[2024-04-27  15:20:48.703] loggerx.py -> logger line:55 [INFO] : ========> parse_process - ('REPLACE INTO LOGPID VALUES (?, ?, ?, ?, ?, ?, ?, ?, ?)', ['root', '207', '2', '0', '0', '0', '0', 'I', '[dm_bufio_cache]'])
[2024-04-27  15:20:48.703] loggerx.py -> logger line:55 [INFO] : ========> parse_process - ('REPLACE INTO LOGPID VALUES (?, ?, ?, ?, ?, ?, ?, ?, ?)', ['root', '208', '2', '0', '0', '0', '0', 'S', '[ion_system_heap]'])
[2024-04-27  15:20:48.703] loggerx.py -> logger line:55 [INFO] : ========> parse_process - ('REPLACE INTO LOGPID VALUES (?, ?, ?, ?, ?, ?, ?, ?, ?)', ['root', '209', '2', '0', '0', '0', '0', 'I', '[ipv6_addrconf]'])
[2024-04-27  15:20:48.703] loggerx.py -> logger line:55 [INFO] : ========> parse_process - ('REPLACE INTO LOGPID VALUES (?, ?, ?, ?, ?, ?, ?, ?, ?)', ['root', '210', '2', '0', '0', '0', '0', 'S', '[krfcommd]'])
[2024-04-27  15:20:48.703] loggerx.py -> logger line:55 [INFO] : ========> parse_process - ('REPLACE INTO LOGPID VALUES (?, ?, ?, ?, ?, ?, ?, ?, ?)', ['root', '212', '2', '0', '0', '0', '0', 'S', '[irq/22-arm-smmu]'])
[2024-04-27  15:20:48.704] loggerx.py -> logger line:55 [INFO] : ========> parse_process - ('REPLACE INTO LOGPID VALUES (?, ?, ?, ?, ?, ?, ?, ?, ?)', ['root', '213', '2', '0', '0', '0', '0', 'I', '[kworker/u16:4-flush-0:54]'])
[2024-04-27  15:20:48.704] loggerx.py -> logger line:55 [INFO] : ========> parse_process - ('REPLACE INTO LOGPID VALUES (?, ?, ?, ?, ?, ?, ?, ?, ?)', ['root', '214', '2', '0', '0', '0', '0', 'S', '[irq/38-arm-smmu]'])
[2024-04-27  15:20:48.704] loggerx.py -> logger line:55 [INFO] : ========> parse_process - ('REPLACE INTO LOGPID VALUES (?, ?, ?, ?, ?, ?, ?, ?, ?)', ['root', '215', '2', '0', '0', '0', '0', 'S', '[irq/69-arm-smmu]'])
[2024-04-27  15:20:48.704] loggerx.py -> logger line:55 [INFO] : ========> parse_process - ('REPLACE INTO LOGPID VALUES (?, ?, ?, ?, ?, ?, ?, ?, ?)', ['root', '216', '2', '0', '0', '0', '0', 'I', '[asm330lhh]'])
[2024-04-27  15:20:48.704] loggerx.py -> logger line:55 [INFO] : ========> parse_process - ('REPLACE INTO LOGPID VALUES (?, ?, ?, ?, ?, ?, ?, ?, ?)', ['root', '217', '2', '0', '0', '0', '0', 'I', '[ext4-rsv-conver]'])
[2024-04-27  15:20:48.704] loggerx.py -> logger line:55 [INFO] : ========> parse_process - ('REPLACE INTO LOGPID VALUES (?, ?, ?, ?, ?, ?, ?, ?, ?)', ['root', '220', '2', '0', '0', '0', '0', 'I', '[ext4-rsv-conver]'])
[2024-04-27  15:20:48.705] loggerx.py -> logger line:55 [INFO] : ========> parse_process - ('REPLACE INTO LOGPID VALUES (?, ?, ?, ?, ?, ?, ?, ?, ?)', ['root', '222', '1', '12349408', '6332', '0', '0', 'S', 'init'])
[2024-04-27  15:20:48.705] loggerx.py -> logger line:55 [INFO] : ========> parse_process - ('REPLACE INTO LOGPID VALUES (?, ?, ?, ?, ?, ?, ?, ?, ?)', ['root', '224', '1', '12349504', '7300', '0', '0', 'S', 'ueventd'])
[2024-04-27  15:20:48.705] loggerx.py -> logger line:55 [INFO] : ========> parse_process - ('REPLACE INTO LOGPID VALUES (?, ?, ?, ?, ?, ?, ?, ?, ?)', ['root', '229', '2', '0', '0', '0', '0', 'I', '[kworker/4:1H-kblockd]'])
[2024-04-27  15:20:48.705] loggerx.py -> logger line:55 [INFO] : ========> parse_process - ('REPLACE INTO LOGPID VALUES (?, ?, ?, ?, ?, ?, ?, ?, ?)', ['root', '239', '2', '0', '0', '0', '0', 'I', '[kworker/5:1H-kblockd]'])
[2024-04-27  15:20:48.705] loggerx.py -> logger line:55 [INFO] : ========> parse_process - ('REPLACE INTO LOGPID VALUES (?, ?, ?, ?, ?, ?, ?, ?, ?)', ['system', '242', '1', '12399352', '8380', '0', '0', 'S', 'carwatchdogd'])
[2024-04-27  15:20:48.705] loggerx.py -> logger line:55 [INFO] : ========> parse_process - ('REPLACE INTO LOGPID VALUES (?, ?, ?, ?, ?, ?, ?, ?, ?)', ['root', '252', '2', '0', '0', '0', '0', 'S', '[apr_vm_cb_threa]'])
[2024-04-27  15:20:48.706] loggerx.py -> logger line:55 [INFO] : ========> parse_process - ('REPLACE INTO LOGPID VALUES (?, ?, ?, ?, ?, ?, ?, ?, ?)', ['root', '253', '2', '0', '0', '0', '0', 'I', '[apr_driver]'])
[2024-04-27  15:20:48.706] loggerx.py -> logger line:55 [INFO] : ========> parse_process - ('REPLACE INTO LOGPID VALUES (?, ?, ?, ?, ?, ?, ?, ?, ?)', ['logd', '259', '1', '12467292', '91040', '0', '0', 'S', 'logd'])
[2024-04-27  15:20:48.706] loggerx.py -> logger line:55 [INFO] : ========> parse_process - ('REPLACE INTO LOGPID VALUES (?, ?, ?, ?, ?, ?, ?, ?, ?)', ['lmkd', '260', '1', '12345092', '2432', '0', '0', 'S', 'lmkd'])
[2024-04-27  15:20:48.706] loggerx.py -> logger line:55 [INFO] : ========> parse_process - ('REPLACE INTO LOGPID VALUES (?, ?, ?, ?, ?, ?, ?, ?, ?)', ['system', '261', '1', '12347852', '5256', '0', '0', 'S', 'servicemanager'])
[2024-04-27  15:20:48.706] loggerx.py -> logger line:55 [INFO] : ========> parse_process - ('REPLACE INTO LOGPID VALUES (?, ?, ?, ?, ?, ?, ?, ?, ?)', ['system', '262', '1', '12349172', '6092', '0', '0', 'S', 'hwservicemanager'])
[2024-04-27  15:20:48.706] loggerx.py -> logger line:55 [INFO] : ========> parse_process - ('REPLACE INTO LOGPID VALUES (?, ?, ?, ?, ?, ?, ?, ?, ?)', ['system', '267', '1', '12347748', '4076', '0', '0', 'S', 'vndservicemanager'])
[2024-04-27  15:20:48.707] loggerx.py -> logger line:55 [INFO] : ========> parse_process - ('REPLACE INTO LOGPID VALUES (?, ?, ?, ?, ?, ?, ?, ?, ?)', ['shell', '268', '1', '12343972', '2976', '__do_sys_rt_sigsuspend', '0', 'S', 'sh'])
[2024-04-27  15:20:48.707] loggerx.py -> logger line:55 [INFO] : ========> parse_process - ('REPLACE INTO LOGPID VALUES (?, ?, ?, ?, ?, ?, ?, ?, ?)', ['audioserver', '269', '1', '60636', '21312', '0', '0', 'S', 'android.hardware.audio.service'])
[2024-04-27  15:20:48.707] loggerx.py -> logger line:55 [INFO] : ========> parse_process - ('REPLACE INTO LOGPID VALUES (?, ?, ?, ?, ?, ?, ?, ?, ?)', ['root', '270', '2', '0', '0', '0', '0', 'S', '[psimon]'])
[2024-04-27  15:20:48.707] loggerx.py -> logger line:55 [INFO] : ========> parse_process - ('REPLACE INTO LOGPID VALUES (?, ?, ?, ?, ?, ?, ?, ?, ?)', ['root', '277', '2', '0', '0', '0', '0', 'I', '[kworker/7:1H-kblockd]'])
[2024-04-27  15:20:48.707] loggerx.py -> logger line:55 [INFO] : ========> parse_process - ('REPLACE INTO LOGPID VALUES (?, ?, ?, ?, ?, ?, ?, ?, ?)', ['system', '280', '1', '12346488', '4400', '0', '0', 'S', 'hyp_dvr_mux_be'])
[2024-04-27  15:20:48.707] loggerx.py -> logger line:55 [INFO] : ========> parse_process - ('REPLACE INTO LOGPID VALUES (?, ?, ?, ?, ?, ?, ?, ?, ?)', ['system', '282', '1', '12349784', '5884', '0', '0', 'S', 'android.hardware.keymaster@4.1-service-qti'])
[2024-04-27  15:20:48.708] loggerx.py -> logger line:55 [INFO] : ========> parse_process - ('REPLACE INTO LOGPID VALUES (?, ?, ?, ?, ?, ?, ?, ?, ?)', ['system', '283', '1', '12438632', '5992', '0', '0', 'S', 'qseecomd'])
[2024-04-27  15:20:48.708] loggerx.py -> logger line:55 [INFO] : ========> parse_process - ('REPLACE INTO LOGPID VALUES (?, ?, ?, ?, ?, ?, ?, ?, ?)', ['system', '284', '1', '12383304', '5200', '0', '0', 'S', 'vendor.qti.hardware.qseecom@1.0-service'])
[2024-04-27  15:20:48.708] loggerx.py -> logger line:55 [INFO] : ========> parse_process - ('REPLACE INTO LOGPID VALUES (?, ?, ?, ?, ?, ?, ?, ?, ?)', ['graphics', '287', '1', '12354396', '8232', '0', '0', 'S', 'android.frameworks.automotive.display@1.0-service'])
[2024-04-27  15:20:48.708] loggerx.py -> logger line:55 [INFO] : ========> parse_process - ('REPLACE INTO LOGPID VALUES (?, ?, ?, ?, ?, ?, ?, ?, ?)', ['system', '288', '1', '12360548', '14980', '0', '0', 'S', 'android.hardware.automotive.evs@1.1-ais'])
[2024-04-27  15:20:48.708] loggerx.py -> logger line:55 [INFO] : ========> parse_process - ('REPLACE INTO LOGPID VALUES (?, ?, ?, ?, ?, ?, ?, ?, ?)', ['root', '289', '2', '0', '0', '0', '0', 'I', '[mpcie_wq]'])
[2024-04-27  15:20:48.709] loggerx.py -> logger line:55 [INFO] : ========> parse_process - ('REPLACE INTO LOGPID VALUES (?, ?, ?, ?, ?, ?, ?, ?, ?)', ['root', '290', '2', '0', '0', '0', '0', 'S', '[irq/112-int_glo]'])
[2024-04-27  15:20:48.709] loggerx.py -> logger line:55 [INFO] : ========> parse_process - ('REPLACE INTO LOGPID VALUES (?, ?, ?, ?, ?, ?, ?, ?, ?)', ['root', '291', '1', '12422952', '8780', '0', '0', 'S', 'vold'])
[2024-04-27  15:20:48.709] loggerx.py -> logger line:55 [INFO] : ========> parse_process - ('REPLACE INTO LOGPID VALUES (?, ?, ?, ?, ?, ?, ?, ?, ?)', ['root', '309', '2', '0', '0', '0', '0', 'I', '[kworker/6:1H-kblockd]'])
[2024-04-27  15:20:48.709] loggerx.py -> logger line:55 [INFO] : ========> parse_process - ('REPLACE INTO LOGPID VALUES (?, ?, ?, ?, ?, ?, ?, ?, ?)', ['root', '311', '2', '0', '0', '0', '0', 'S', '[jbd2/vdb-8]'])
[2024-04-27  15:20:48.709] loggerx.py -> logger line:55 [INFO] : ========> parse_process - ('REPLACE INTO LOGPID VALUES (?, ?, ?, ?, ?, ?, ?, ?, ?)', ['root', '312', '2', '0', '0', '0', '0', 'I', '[ext4-rsv-conver]'])
[2024-04-27  15:20:48.709] loggerx.py -> logger line:55 [INFO] : ========> parse_process - ('REPLACE INTO LOGPID VALUES (?, ?, ?, ?, ?, ?, ?, ?, ?)', ['root', '314', '2', '0', '0', '0', '0', 'S', '[jbd2/vdd-8]'])
[2024-04-27  15:20:48.710] loggerx.py -> logger line:55 [INFO] : ========> parse_process - ('REPLACE INTO LOGPID VALUES (?, ?, ?, ?, ?, ?, ?, ?, ?)', ['root', '315', '2', '0', '0', '0', '0', 'I', '[ext4-rsv-conver]'])
[2024-04-27  15:20:48.710] loggerx.py -> logger line:55 [INFO] : ========> parse_process - ('REPLACE INTO LOGPID VALUES (?, ?, ?, ?, ?, ?, ?, ?, ?)', ['root', '319', '2', '0', '0', '0', '0', 'S', '[jbd2/vdi-8]'])
[2024-04-27  15:20:48.710] loggerx.py -> logger line:55 [INFO] : ========> parse_process - ('REPLACE INTO LOGPID VALUES (?, ?, ?, ?, ?, ?, ?, ?, ?)', ['root', '320', '2', '0', '0', '0', '0', 'I', '[ext4-rsv-conver]'])
[2024-04-27  15:20:48.710] loggerx.py -> logger line:55 [INFO] : ========> parse_process - ('REPLACE INTO LOGPID VALUES (?, ?, ?, ?, ?, ?, ?, ?, ?)', ['root', '322', '2', '0', '0', '0', '0', 'S', '[jbd2/vdk-8]'])
[2024-04-27  15:20:48.710] loggerx.py -> logger line:55 [INFO] : ========> parse_process - ('REPLACE INTO LOGPID VALUES (?, ?, ?, ?, ?, ?, ?, ?, ?)', ['root', '323', '2', '0', '0', '0', '0', 'I', '[ext4-rsv-conver]'])
[2024-04-27  15:20:48.711] loggerx.py -> logger line:55 [INFO] : ========> parse_process - ('REPLACE INTO LOGPID VALUES (?, ?, ?, ?, ?, ?, ?, ?, ?)', ['system', '324', '1', '12513140', '12592', '0', '0', 'S', 'ais_v4l2_proxy'])
[2024-04-27  15:20:48.711] loggerx.py -> logger line:55 [INFO] : ========> parse_process - ('REPLACE INTO LOGPID VALUES (?, ?, ?, ?, ?, ?, ?, ?, ?)', ['root', '325', '1', '12343972', '3088', '0', '0', 'S', 'sh'])
[2024-04-27  15:20:48.711] loggerx.py -> logger line:55 [INFO] : ========> parse_process - ('REPLACE INTO LOGPID VALUES (?, ?, ?, ?, ?, ?, ?, ?, ?)', ['radio', '331', '1', '12403228', '6896', '0', '0', 'S', 'ipacm'])
[2024-04-27  15:20:48.711] loggerx.py -> logger line:55 [INFO] : ========> parse_process - ('REPLACE INTO LOGPID VALUES (?, ?, ?, ?, ?, ?, ?, ?, ?)', ['system', '340', '1', '12383536', '4736', '0', '0', 'S', 'android.system.suspend@1.0-service'])
[2024-04-27  15:20:48.711] loggerx.py -> logger line:55 [INFO] : ========> parse_process - ('REPLACE INTO LOGPID VALUES (?, ?, ?, ?, ?, ?, ?, ?, ?)', ['system', '341', '1', '12347828', '4768', '0', '0', 'S', 'android.hardware.atrace@1.0-service'])
[2024-04-27  15:20:48.711] loggerx.py -> logger line:55 [INFO] : ========> parse_process - ('REPLACE INTO LOGPID VALUES (?, ?, ?, ?, ?, ?, ?, ?, ?)', ['root', '342', '1', '12348532', '5292', '0', '0', 'S', 'android.hardware.boot@1.1-service'])
[2024-04-27  15:20:48.712] loggerx.py -> logger line:55 [INFO] : ========> parse_process - ('REPLACE INTO LOGPID VALUES (?, ?, ?, ?, ?, ?, ?, ?, ?)', ['system', '343', '1', '12348244', '5644', '0', '0', 'S', 'android.hardware.gatekeeper@1.0-service-qti'])
[2024-04-27  15:20:48.712] loggerx.py -> logger line:55 [INFO] : ========> parse_process - ('REPLACE INTO LOGPID VALUES (?, ?, ?, ?, ?, ?, ?, ?, ?)', ['root', '346', '2', '0', '0', '0', '0', 'I', '[kworker/6:1-cgroup_pidlist_destroy]'])
[2024-04-27  15:20:48.712] loggerx.py -> logger line:55 [INFO] : ========> parse_process - ('REPLACE INTO LOGPID VALUES (?, ?, ?, ?, ?, ?, ?, ?, ?)', ['tombstoned', '361', '1', '12344288', '2224', '0', '0', 'S', 'tombstoned'])
[2024-04-27  15:20:48.712] loggerx.py -> logger line:55 [INFO] : ========> parse_process - ('REPLACE INTO LOGPID VALUES (?, ?, ?, ?, ?, ?, ?, ?, ?)', ['statsd', '366', '1', '12470492', '4936', '0', '0', 'S', 'statsd'])
[2024-04-27  15:20:48.712] loggerx.py -> logger line:55 [INFO] : ========> parse_process - ('REPLACE INTO LOGPID VALUES (?, ?, ?, ?, ?, ?, ?, ?, ?)', ['root', '367', '1', '12615712', '9100', '0', '0', 'S', 'netd'])
[2024-04-27  15:20:48.712] loggerx.py -> logger line:55 [INFO] : ========> parse_process - ('REPLACE INTO LOGPID VALUES (?, ?, ?, ?, ?, ?, ?, ?, ?)', ['root', '368', '1', '15670260', '167812', '0', '0', 'S', 'zygote64'])
[2024-04-27  15:20:48.713] loggerx.py -> logger line:55 [INFO] : ========> parse_process - ('REPLACE INTO LOGPID VALUES (?, ?, ?, ?, ?, ?, ?, ?, ?)', ['root', '369', '1', '1793856', '145884', '0', '0', 'S', 'zygote'])
[2024-04-27  15:20:48.713] loggerx.py -> logger line:55 [INFO] : ========> parse_process - ('REPLACE INTO LOGPID VALUES (?, ?, ?, ?, ?, ?, ?, ?, ?)', ['root', '378', '367', '12344536', '3328', '0', '0', 'S', 'iptables-restore'])
[2024-04-27  15:20:48.713] loggerx.py -> logger line:55 [INFO] : ========> parse_process - ('REPLACE INTO LOGPID VALUES (?, ?, ?, ?, ?, ?, ?, ?, ?)', ['root', '379', '367', '12344536', '3144', '0', '0', 'S', 'ip6tables-restore'])
[2024-04-27  15:20:48.713] loggerx.py -> logger line:55 [INFO] : ========> parse_process - ('REPLACE INTO LOGPID VALUES (?, ?, ?, ?, ?, ?, ?, ?, ?)', ['root', '386', '325', '12344676', '2444', '0', '0', 'S', 'logcat'])
[2024-04-27  15:20:48.713] loggerx.py -> logger line:55 [INFO] : ========> parse_process - ('REPLACE INTO LOGPID VALUES (?, ?, ?, ?, ?, ?, ?, ?, ?)', ['root', '397', '1', '12348092', '4748', '0', '0', 'S', 'android.hardware.adayo_config@1.0-service'])
[2024-04-27  15:20:48.713] loggerx.py -> logger line:55 [INFO] : ========> parse_process - ('REPLACE INTO LOGPID VALUES (?, ?, ?, ?, ?, ?, ?, ?, ?)', ['system', '398', '1', '12348748', '4948', '0', '0', 'S', 'android.hardware.fgesysctrl@1.0-service'])
[2024-04-27  15:20:48.714] loggerx.py -> logger line:55 [INFO] : ========> parse_process - ('REPLACE INTO LOGPID VALUES (?, ?, ?, ?, ?, ?, ?, ?, ?)', ['system', '399', '1', '12348556', '4828', '0', '0', 'S', 'android.hardware.rawio@1.0-service'])
[2024-04-27  15:20:48.714] loggerx.py -> logger line:55 [INFO] : ========> parse_process - ('REPLACE INTO LOGPID VALUES (?, ?, ?, ?, ?, ?, ?, ?, ?)', ['system', '400', '1', '12347396', '3992', '0', '0', 'S', 'android.hidl.allocator@1.0-service'])
[2024-04-27  15:20:48.714] loggerx.py -> logger line:55 [INFO] : ========> parse_process - ('REPLACE INTO LOGPID VALUES (?, ?, ?, ?, ?, ?, ?, ?, ?)', ['root', '401', '1', '12492024', '38052', '0', '0', 'S', 'evs_app.adayo'])
[2024-04-27  15:20:48.714] loggerx.py -> logger line:55 [INFO] : ========> parse_process - ('REPLACE INTO LOGPID VALUES (?, ?, ?, ?, ?, ?, ?, ?, ?)', ['system', '402', '1', '12366496', '5200', '0', '0', 'S', 'android.hardware.audiodsp@1.0-service'])
[2024-04-27  15:20:48.714] loggerx.py -> logger line:55 [INFO] : ========> parse_process - ('REPLACE INTO LOGPID VALUES (?, ?, ?, ?, ?, ?, ?, ?, ?)', ['audioserver', '403', '1', '12347812', '4868', '0', '0', 'S', 'android.hardware.automotive.audiocontrol@1.0-service'])
[2024-04-27  15:20:48.714] loggerx.py -> logger line:55 [INFO] : ========> parse_process - ('REPLACE INTO LOGPID VALUES (?, ?, ?, ?, ?, ?, ?, ?, ?)', ['audioserver', '404', '1', '12347980', '4796', '0', '0', 'S', 'android.hardware.automotive.audiocontrol@2.0-service'])
[2024-04-27  15:20:48.715] loggerx.py -> logger line:55 [INFO] : ========> parse_process - ('REPLACE INTO LOGPID VALUES (?, ?, ?, ?, ?, ?, ?, ?, ?)', ['vehicle_network', '405', '1', '12705408', '12440', '0', '0', 'S', 'android.hardware.automotive.vehicle@2.0-service'])
[2024-04-27  15:20:48.715] loggerx.py -> logger line:55 [INFO] : ========> parse_process - ('REPLACE INTO LOGPID VALUES (?, ?, ?, ?, ?, ?, ?, ?, ?)', ['bluetooth', '406', '1', '12351440', '6160', '0', '0', 'S', 'android.hardware.bluetooth@1.0-service-qti'])
[2024-04-27  15:20:48.715] loggerx.py -> logger line:55 [INFO] : ========> parse_process - ('REPLACE INTO LOGPID VALUES (?, ?, ?, ?, ?, ?, ?, ?, ?)', ['audioserver', '407', '1', '12400664', '5184', '0', '0', 'S', 'android.hardware.broadcastradio@2.0-service'])
[2024-04-27  15:20:48.715] loggerx.py -> logger line:55 [INFO] : ========> parse_process - ('REPLACE INTO LOGPID VALUES (?, ?, ?, ?, ?, ?, ?, ?, ?)', ['cameraserver', '408', '1', '33692', '11176', '0', '0', 'S', 'android.hardware.camera.provider@2.4-service'])
[2024-04-27  15:20:48.715] loggerx.py -> logger line:55 [INFO] : ========> parse_process - ('REPLACE INTO LOGPID VALUES (?, ?, ?, ?, ?, ?, ?, ?, ?)', ['media', '409', '1', '17424', '4956', '0', '0', 'S', 'android.hardware.cas@1.2-service'])
[2024-04-27  15:20:48.716] loggerx.py -> logger line:55 [INFO] : ========> parse_process - ('REPLACE INTO LOGPID VALUES (?, ?, ?, ?, ?, ?, ?, ?, ?)', ['system', '410', '1', '12347944', '4720', '0', '0', 'S', 'android.hardware.diagnosticzone@1.0-service'])
[2024-04-27  15:20:48.716] loggerx.py -> logger line:55 [INFO] : ========> parse_process - ('REPLACE INTO LOGPID VALUES (?, ?, ?, ?, ?, ?, ?, ?, ?)', ['media', '419', '1', '12386368', '7688', '0', '0', 'S', 'android.hardware.drm@1.3-service.clearkey'])
[2024-04-27  15:20:48.716] loggerx.py -> logger line:55 [INFO] : ========> parse_process - ('REPLACE INTO LOGPID VALUES (?, ?, ?, ?, ?, ?, ?, ?, ?)', ['root', '420', '1', '12419072', '5300', '0', '0', 'S', 'android.hardware.fgecomservice@1.0-service'])
[2024-04-27  15:20:48.716] loggerx.py -> logger line:55 [INFO] : ========> parse_process - ('REPLACE INTO LOGPID VALUES (?, ?, ?, ?, ?, ?, ?, ?, ?)', ['system', '421', '1', '12420160', '5760', '0', '0', 'S', 'android.hardware.fgemcucomm@1.0-service'])
[2024-04-27  15:20:48.716] loggerx.py -> logger line:55 [INFO] : ========> parse_process - ('REPLACE INTO LOGPID VALUES (?, ?, ?, ?, ?, ?, ?, ?, ?)', ['gps', '422', '1', '12406556', '6372', '0', '0', 'S', 'android.hardware.gnss@1.0-service'])
[2024-04-27  15:20:48.716] loggerx.py -> logger line:55 [INFO] : ========> parse_process - ('REPLACE INTO LOGPID VALUES (?, ?, ?, ?, ?, ?, ?, ?, ?)', ['system', '428', '1', '12504660', '19560', '0', '0', 'S', 'android.hardware.graphics.composer@2.4-service'])
[2024-04-27  15:20:48.717] loggerx.py -> logger line:55 [INFO] : ========> parse_process - ('REPLACE INTO LOGPID VALUES (?, ?, ?, ?, ?, ?, ?, ?, ?)', ['system', '429', '1', '12348340', '4612', '0', '0', 'S', 'android.hardware.health@2.0-service'])
[2024-04-27  15:20:48.717] loggerx.py -> logger line:55 [INFO] : ========> parse_process - ('REPLACE INTO LOGPID VALUES (?, ?, ?, ?, ?, ?, ?, ?, ?)', ['system', '443', '1', '12348420', '4848', '0', '0', 'S', 'android.hardware.health@2.1-service'])
[2024-04-27  15:20:48.717] loggerx.py -> logger line:55 [INFO] : ========> parse_process - ('REPLACE INTO LOGPID VALUES (?, ?, ?, ?, ?, ?, ?, ?, ?)', ['system', '449', '1', '12347972', '4696', '0', '0', 'S', 'android.hardware.memtrack@1.0-service'])
[2024-04-27  15:20:48.717] loggerx.py -> logger line:55 [INFO] : ========> parse_process - ('REPLACE INTO LOGPID VALUES (?, ?, ?, ?, ?, ?, ?, ?, ?)', ['system', '450', '1', '12351628', '6036', '0', '0', 'S', 'android.hardware.power-service'])
[2024-04-27  15:20:48.717] loggerx.py -> logger line:55 [INFO] : ========> parse_process - ('REPLACE INTO LOGPID VALUES (?, ?, ?, ?, ?, ?, ?, ?, ?)', ['system', '451', '1', '12382956', '4904', '0', '0', 'S', 'android.hardware.sensors@1.0-service'])
[2024-04-27  15:20:48.717] loggerx.py -> logger line:55 [INFO] : ========> parse_process - ('REPLACE INTO LOGPID VALUES (?, ?, ?, ?, ?, ?, ?, ?, ?)', ['system', '455', '1', '12348128', '4684', '0', '0', 'S', 'android.hardware.serial@1.0-service'])
[2024-04-27  15:20:48.718] loggerx.py -> logger line:55 [INFO] : ========> parse_process - ('REPLACE INTO LOGPID VALUES (?, ?, ?, ?, ?, ?, ?, ?, ?)', ['root', '458', '1', '12365712', '5120', '0', '0', 'S', 'android.hardware.usb@1.2-service-qti'])
[2024-04-27  15:20:48.718] loggerx.py -> logger line:55 [INFO] : ========> parse_process - ('REPLACE INTO LOGPID VALUES (?, ?, ?, ?, ?, ?, ?, ?, ?)', ['wifi', '459', '1', '12369768', '14688', '0', '0', 'S', 'android.hardware.wifi@1.0-service'])
[2024-04-27  15:20:48.718] loggerx.py -> logger line:55 [INFO] : ========> parse_process - ('REPLACE INTO LOGPID VALUES (?, ?, ?, ?, ?, ?, ?, ?, ?)', ['system', '461', '1', '12366284', '4644', '0', '0', 'S', 'vendor.qti.automotive.qcarcam@1.0-service'])
[2024-04-27  15:20:48.718] loggerx.py -> logger line:55 [INFO] : ========> parse_process - ('REPLACE INTO LOGPID VALUES (?, ?, ?, ?, ?, ?, ?, ?, ?)', ['system', '462', '1', '12365412', '4868', '0', '0', 'S', 'vendor.qti.dvr@1.0-service'])
[2024-04-27  15:20:48.718] loggerx.py -> logger line:55 [INFO] : ========> parse_process - ('REPLACE INTO LOGPID VALUES (?, ?, ?, ?, ?, ?, ?, ?, ?)', ['system', '464', '1', '12384216', '5004', '0', '0', 'S', 'vendor.qti.hardware.capabilityconfigstore@1.0-service'])
[2024-04-27  15:20:48.718] loggerx.py -> logger line:55 [INFO] : ========> parse_process - ('REPLACE INTO LOGPID VALUES (?, ?, ?, ?, ?, ?, ?, ?, ?)', ['system', '465', '1', '12386136', '8020', '0', '0', 'S', 'vendor.qti.hardware.display.allocator-service'])
[2024-04-27  15:20:48.719] loggerx.py -> logger line:55 [INFO] : ========> parse_process - ('REPLACE INTO LOGPID VALUES (?, ?, ?, ?, ?, ?, ?, ?, ?)', ['root', '466', '1', '12386540', '5824', '0', '0', 'S', 'vendor.qti.hardware.iop@2.0-service'])
[2024-04-27  15:20:48.719] loggerx.py -> logger line:55 [INFO] : ========> parse_process - ('REPLACE INTO LOGPID VALUES (?, ?, ?, ?, ?, ?, ?, ?, ?)', ['system', '468', '1', '12383360', '5244', '0', '0', 'S', 'vendor.qti.hardware.qteeconnector@1.0-service'])
[2024-04-27  15:20:48.719] loggerx.py -> logger line:55 [INFO] : ========> parse_process - ('REPLACE INTO LOGPID VALUES (?, ?, ?, ?, ?, ?, ?, ?, ?)', ['mediacodec', '472', '1', '12554844', '19488', '0', '0', 'S', 'media.hwcodec'])
[2024-04-27  15:20:48.719] loggerx.py -> logger line:55 [INFO] : ========> parse_process - ('REPLACE INTO LOGPID VALUES (?, ?, ?, ?, ?, ?, ?, ?, ?)', ['vendor_qrtr', '486', '1', '12344424', '2716', '0', '0', 'S', 'qrtr-ns'])
[2024-04-27  15:20:48.719] loggerx.py -> logger line:55 [INFO] : ========> parse_process - ('REPLACE INTO LOGPID VALUES (?, ?, ?, ?, ?, ?, ?, ?, ?)', ['system', '494', '1', '12399820', '4196', '0', '0', 'S', 'pm-service'])
[2024-04-27  15:20:48.719] loggerx.py -> logger line:55 [INFO] : ========> parse_process - ('REPLACE INTO LOGPID VALUES (?, ?, ?, ?, ?, ?, ?, ?, ?)', ['system', '495', '1', '12363460', '4120', '0', '0', 'S', 'pd-mapper'])
[2024-04-27  15:20:48.720] loggerx.py -> logger line:55 [INFO] : ========> parse_process - ('REPLACE INTO LOGPID VALUES (?, ?, ?, ?, ?, ?, ?, ?, ?)', ['audioserver', '498', '1', '12787764', '35100', '0', '0', 'S', 'audioserver'])
[2024-04-27  15:20:48.720] loggerx.py -> logger line:55 [INFO] : ========> parse_process - ('REPLACE INTO LOGPID VALUES (?, ?, ?, ?, ?, ?, ?, ?, ?)', ['credstore', '499', '1', '12368628', '6964', '0', '0', 'S', 'credstore'])
[2024-04-27  15:20:48.720] loggerx.py -> logger line:55 [INFO] : ========> parse_process - ('REPLACE INTO LOGPID VALUES (?, ?, ?, ?, ?, ?, ?, ?, ?)', ['gpu_service', '502', '1', '12367112', '6376', '0', '0', 'S', 'gpuservice'])
[2024-04-27  15:20:48.720] loggerx.py -> logger line:55 [INFO] : ========> parse_process - ('REPLACE INTO LOGPID VALUES (?, ?, ?, ?, ?, ?, ?, ?, ?)', ['system', '504', '1', '12678080', '56136', '0', '0', 'S', 'surfaceflinger'])
[2024-04-27  15:20:48.720] loggerx.py -> logger line:55 [INFO] : ========> parse_process - ('REPLACE INTO LOGPID VALUES (?, ?, ?, ?, ?, ?, ?, ?, ?)', ['vendor_rfs', '510', '1', '12344944', '2820', '0', '0', 'S', 'tftp_server'])
[2024-04-27  15:20:48.720] loggerx.py -> logger line:55 [INFO] : ========> parse_process - ('REPLACE INTO LOGPID VALUES (?, ?, ?, ?, ?, ?, ?, ?, ?)', ['root', '564', '2', '0', '0', '0', '0', 'I', '[at_usb0]'])
[2024-04-27  15:20:48.721] loggerx.py -> logger line:55 [INFO] : ========> parse_process - ('REPLACE INTO LOGPID VALUES (?, ?, ?, ?, ?, ?, ?, ?, ?)', ['root', '567', '2', '0', '0', '0', '0', 'I', '[at_usb1]'])
[2024-04-27  15:20:48.721] loggerx.py -> logger line:55 [INFO] : ========> parse_process - ('REPLACE INTO LOGPID VALUES (?, ?, ?, ?, ?, ?, ?, ?, ?)', ['root', '569', '2', '0', '0', '0', '0', 'I', '[at_usb2]'])
[2024-04-27  15:20:48.721] loggerx.py -> logger line:55 [INFO] : ========> parse_process - ('REPLACE INTO LOGPID VALUES (?, ?, ?, ?, ?, ?, ?, ?, ?)', ['root', '571', '2', '0', '0', '0', '0', 'I', '[qdss]'])
[2024-04-27  15:20:48.721] loggerx.py -> logger line:55 [INFO] : ========> parse_process - ('REPLACE INTO LOGPID VALUES (?, ?, ?, ?, ?, ?, ?, ?, ?)', ['root', '572', '2', '0', '0', '0', '0', 'I', '[qdss_mdm]'])
[2024-04-27  15:20:48.721] loggerx.py -> logger line:55 [INFO] : ========> parse_process - ('REPLACE INTO LOGPID VALUES (?, ?, ?, ?, ?, ?, ?, ?, ?)', ['root', '575', '2', '0', '0', '0', '0', 'I', '[kworker/3:1-cgroup_pidlist_destroy]'])
[2024-04-27  15:20:48.721] loggerx.py -> logger line:55 [INFO] : ========> parse_process - ('REPLACE INTO LOGPID VALUES (?, ?, ?, ?, ?, ?, ?, ?, ?)', ['system', '695', '1', '12435984', '5984', '0', '0', 'S', 'diag-router'])
[2024-04-27  15:20:48.722] loggerx.py -> logger line:55 [INFO] : ========> parse_process - ('REPLACE INTO LOGPID VALUES (?, ?, ?, ?, ?, ?, ?, ?, ?)', ['root', '706', '2', '0', '0', '0', '0', 'S', '[irq/70-arm-smmu]'])
[2024-04-27  15:20:48.722] loggerx.py -> logger line:55 [INFO] : ========> parse_process - ('REPLACE INTO LOGPID VALUES (?, ?, ?, ?, ?, ?, ?, ?, ?)', ['root', '716', '2', '0', '0', '0', '0', 'S', '[irq/71-arm-smmu]'])
[2024-04-27  15:20:48.722] loggerx.py -> logger line:55 [INFO] : ========> parse_process - ('REPLACE INTO LOGPID VALUES (?, ?, ?, ?, ?, ?, ?, ?, ?)', ['root', '719', '1', '12343972', '2948', '0', '0', 'S', 'sh'])
[2024-04-27  15:20:48.722] loggerx.py -> logger line:55 [INFO] : ========> parse_process - ('REPLACE INTO LOGPID VALUES (?, ?, ?, ?, ?, ?, ?, ?, ?)', ['root', '730', '2', '0', '0', '0', '0', 'I', '[mhi_w]'])
[2024-04-27  15:20:48.722] loggerx.py -> logger line:55 [INFO] : ========> parse_process - ('REPLACE INTO LOGPID VALUES (?, ?, ?, ?, ?, ?, ?, ?, ?)', ['mdnsr', '763', '1', '10241484', '1132', '0', '0', 'S', 'mdnsd'])
[2024-04-27  15:20:48.722] loggerx.py -> logger line:55 [INFO] : ========> parse_process - ('REPLACE INTO LOGPID VALUES (?, ?, ?, ?, ?, ?, ?, ?, ?)', ['nobody', '771', '1', '12362652', '2300', '0', '0', 'S', 'traced_probes'])
[2024-04-27  15:20:48.723] loggerx.py -> logger line:55 [INFO] : ========> parse_process - ('REPLACE INTO LOGPID VALUES (?, ?, ?, ?, ?, ?, ?, ?, ?)', ['nobody', '778', '1', '12362788', '3672', '0', '0', 'S', 'traced'])
[2024-04-27  15:20:48.723] loggerx.py -> logger line:55 [INFO] : ========> parse_process - ('REPLACE INTO LOGPID VALUES (?, ?, ?, ?, ?, ?, ?, ?, ?)', ['root', '818', '1', '12384556', '5084', '0', '0', 'S', 'mcucomm'])
[2024-04-27  15:20:48.723] loggerx.py -> logger line:55 [INFO] : ========> parse_process - ('REPLACE INTO LOGPID VALUES (?, ?, ?, ?, ?, ?, ?, ?, ?)', ['root', '821', '1', '12467852', '23316', '0', '0', 'S', 'systemservice'])
[2024-04-27  15:20:48.723] loggerx.py -> logger line:55 [INFO] : ========> parse_process - ('REPLACE INTO LOGPID VALUES (?, ?, ?, ?, ?, ?, ?, ?, ?)', ['system', '824', '1', '12389216', '8496', '0', '0', 'S', 'hyp_dvr_hidl_client'])
[2024-04-27  15:20:48.723] loggerx.py -> logger line:55 [INFO] : ========> parse_process - ('REPLACE INTO LOGPID VALUES (?, ?, ?, ?, ?, ?, ?, ?, ?)', ['root', '826', '1', '12515356', '5560', '0', '0', 'S', 'thermal-engine'])
[2024-04-27  15:20:48.723] loggerx.py -> logger line:55 [INFO] : ========> parse_process - ('REPLACE INTO LOGPID VALUES (?, ?, ?, ?, ?, ?, ?, ?, ?)', ['system', '827', '1', '12345756', '2820', '0', '0', 'S', 'amfsservice'])
[2024-04-27  15:20:48.724] loggerx.py -> logger line:55 [INFO] : ========> parse_process - ('REPLACE INTO LOGPID VALUES (?, ?, ?, ?, ?, ?, ?, ?, ?)', ['system', '830', '1', '12367864', '6140', '0', '0', 'S', 'cnss_diag'])
[2024-04-27  15:20:48.724] loggerx.py -> logger line:55 [INFO] : ========> parse_process - ('REPLACE INTO LOGPID VALUES (?, ?, ?, ?, ?, ?, ?, ?, ?)', ['cameraserver', '835', '1', '51600', '21156', '0', '0', 'S', 'cameraserver'])
[2024-04-27  15:20:48.724] loggerx.py -> logger line:55 [INFO] : ========> parse_process - ('REPLACE INTO LOGPID VALUES (?, ?, ?, ?, ?, ?, ?, ?, ?)', ['drm', '836', '1', '16644', '4480', '0', '0', 'S', 'drmserver'])
[2024-04-27  15:20:48.724] loggerx.py -> logger line:55 [INFO] : ========> parse_process - ('REPLACE INTO LOGPID VALUES (?, ?, ?, ?, ?, ?, ?, ?, ?)', ['incidentd', '858', '1', '12383044', '5140', '0', '0', 'S', 'incidentd'])
[2024-04-27  15:20:48.724] loggerx.py -> logger line:55 [INFO] : ========> parse_process - ('REPLACE INTO LOGPID VALUES (?, ?, ?, ?, ?, ?, ?, ?, ?)', ['root', '860', '1', '12401032', '6192', '0', '0', 'S', 'installd'])
[2024-04-27  15:20:48.724] loggerx.py -> logger line:55 [INFO] : ========> parse_process - ('REPLACE INTO LOGPID VALUES (?, ?, ?, ?, ?, ?, ?, ?, ?)', ['keystore', '861', '1', '12353012', '8144', '0', '0', 'S', 'keystore'])
[2024-04-27  15:20:48.725] loggerx.py -> logger line:55 [INFO] : ========> parse_process - ('REPLACE INTO LOGPID VALUES (?, ?, ?, ?, ?, ?, ?, ?, ?)', ['mediaex', '866', '1', '12470208', '27456', '0', '0', 'S', 'media.extractor'])
[2024-04-27  15:20:48.725] loggerx.py -> logger line:55 [INFO] : ========> parse_process - ('REPLACE INTO LOGPID VALUES (?, ?, ?, ?, ?, ?, ?, ?, ?)', ['media', '874', '1', '12506532', '6712', '0', '0', 'S', 'media.metrics'])
[2024-04-27  15:20:48.725] loggerx.py -> logger line:55 [INFO] : ========> parse_process - ('REPLACE INTO LOGPID VALUES (?, ?, ?, ?, ?, ?, ?, ?, ?)', ['media', '876', '1', '80104', '20768', '0', '0', 'S', 'mediaserver'])
[2024-04-27  15:20:48.725] loggerx.py -> logger line:55 [INFO] : ========> parse_process - ('REPLACE INTO LOGPID VALUES (?, ?, ?, ?, ?, ?, ?, ?, ?)', ['root', '877', '1', '12344492', '2732', '0', '0', 'S', 'playback'])
[2024-04-27  15:20:48.725] loggerx.py -> logger line:55 [INFO] : ========> parse_process - ('REPLACE INTO LOGPID VALUES (?, ?, ?, ?, ?, ?, ?, ?, ?)', ['root', '884', '1', '12402056', '6572', '0', '0', 'S', 'storaged'])
[2024-04-27  15:20:48.725] loggerx.py -> logger line:55 [INFO] : ========> parse_process - ('REPLACE INTO LOGPID VALUES (?, ?, ?, ?, ?, ?, ?, ?, ?)', ['wifi', '896', '1', '12369992', '7144', '0', '0', 'S', 'wificond'])
[2024-04-27  15:20:48.726] loggerx.py -> logger line:55 [INFO] : ========> parse_process - ('REPLACE INTO LOGPID VALUES (?, ?, ?, ?, ?, ?, ?, ?, ?)', ['system', '901', '1', '12388460', '6560', '0', '0', 'S', 'perfservice'])
[2024-04-27  15:20:48.726] loggerx.py -> logger line:55 [INFO] : ========> parse_process - ('REPLACE INTO LOGPID VALUES (?, ?, ?, ?, ?, ?, ?, ?, ?)', ['mediacodec', '903', '1', '37948', '13284', '0', '0', 'S', 'media.codec'])
[2024-04-27  15:20:48.726] loggerx.py -> logger line:55 [INFO] : ========> parse_process - ('REPLACE INTO LOGPID VALUES (?, ?, ?, ?, ?, ?, ?, ?, ?)', ['root', '904', '1', '12497920', '5624', '0', '0', 'S', 'thermal-engine'])
[2024-04-27  15:20:48.726] loggerx.py -> logger line:55 [INFO] : ========> parse_process - ('REPLACE INTO LOGPID VALUES (?, ?, ?, ?, ?, ?, ?, ?, ?)', ['radio', '909', '1', '12365120', '3600', '0', '0', 'S', 'ipacm-diag'])
[2024-04-27  15:20:48.726] loggerx.py -> logger line:55 [INFO] : ========> parse_process - ('REPLACE INTO LOGPID VALUES (?, ?, ?, ?, ?, ?, ?, ?, ?)', ['mediacodec', '924', '1', '12589212', '19572', '0', '0', 'S', 'media.swcodec'])
[2024-04-27  15:20:48.726] loggerx.py -> logger line:55 [INFO] : ========> parse_process - ('REPLACE INTO LOGPID VALUES (?, ?, ?, ?, ?, ?, ?, ?, ?)', ['system', '927', '1', '12418908', '5832', '0', '0', 'S', 'cnss-daemon'])
[2024-04-27  15:20:48.727] loggerx.py -> logger line:55 [INFO] : ========> parse_process - ('REPLACE INTO LOGPID VALUES (?, ?, ?, ?, ?, ?, ?, ?, ?)', ['radio', '928', '1', '7128', '2268', '0', '0', 'S', 'ssgqmigd'])
[2024-04-27  15:20:48.727] loggerx.py -> logger line:55 [INFO] : ========> parse_process - ('REPLACE INTO LOGPID VALUES (?, ?, ?, ?, ?, ?, ?, ?, ?)', ['gps', '931', '1', '12380856', '4084', '0', '0', 'S', 'mlid'])
[2024-04-27  15:20:48.727] loggerx.py -> logger line:55 [INFO] : ========> parse_process - ('REPLACE INTO LOGPID VALUES (?, ?, ?, ?, ?, ?, ?, ?, ?)', ['gps', '932', '1', '12381144', '3992', '0', '0', 'S', 'loc_launcher'])
[2024-04-27  15:20:48.727] loggerx.py -> logger line:55 [INFO] : ========> parse_process - ('REPLACE INTO LOGPID VALUES (?, ?, ?, ?, ?, ?, ?, ?, ?)', ['system', '939', '1', '12351908', '6192', '0', '0', 'S', 'gatekeeperd'])
[2024-04-27  15:20:48.727] loggerx.py -> logger line:55 [INFO] : ========> parse_process - ('REPLACE INTO LOGPID VALUES (?, ?, ?, ?, ?, ?, ?, ?, ?)', ['gps', '945', '932', '12442696', '8072', '0', '0', 'S', 'slim_daemon'])
[2024-04-27  15:20:48.727] loggerx.py -> logger line:55 [INFO] : ========> parse_process - ('REPLACE INTO LOGPID VALUES (?, ?, ?, ?, ?, ?, ?, ?, ?)', ['gps', '947', '932', '12455776', '7984', '0', '0', 'S', 'xtra-daemon'])
[2024-04-27  15:20:48.727] loggerx.py -> logger line:55 [INFO] : ========> parse_process - ('REPLACE INTO LOGPID VALUES (?, ?, ?, ?, ?, ?, ?, ?, ?)', ['root', '1021', '2', '0', '0', '0', '0', 'I', '[cds_recovery_wo]'])
[2024-04-27  15:20:48.728] loggerx.py -> logger line:55 [INFO] : ========> parse_process - ('REPLACE INTO LOGPID VALUES (?, ?, ?, ?, ?, ?, ?, ?, ?)', ['root', '1022', '2', '0', '0', '0', '0', 'S', '[wlan_logging_th]'])
[2024-04-27  15:20:48.728] loggerx.py -> logger line:55 [INFO] : ========> parse_process - ('REPLACE INTO LOGPID VALUES (?, ?, ?, ?, ?, ?, ?, ?, ?)', ['root', '1027', '2', '0', '0', '0', '0', 'S', '[irq/210-mhi]'])
[2024-04-27  15:20:48.728] loggerx.py -> logger line:55 [INFO] : ========> parse_process - ('REPLACE INTO LOGPID VALUES (?, ?, ?, ?, ?, ?, ?, ?, ?)', ['system', '1041', '368', '18189172', '301600', '0', '0', 'S', 'system_server'])
[2024-04-27  15:20:48.728] loggerx.py -> logger line:55 [INFO] : ========> parse_process - ('REPLACE INTO LOGPID VALUES (?, ?, ?, ?, ?, ?, ?, ?, ?)', ['root', '1066', '2', '0', '0', '0', '0', 'S', '[qrtr_rx]'])
[2024-04-27  15:20:48.728] loggerx.py -> logger line:55 [INFO] : ========> parse_process - ('REPLACE INTO LOGPID VALUES (?, ?, ?, ?, ?, ?, ?, ?, ?)', ['root', '1133', '2', '0', '0', '0', '0', 'S', '[scheduler_threa]'])
[2024-04-27  15:20:48.728] loggerx.py -> logger line:55 [INFO] : ========> parse_process - ('REPLACE INTO LOGPID VALUES (?, ?, ?, ?, ?, ?, ?, ?, ?)', ['root', '1134', '2', '0', '0', '0', '0', 'S', '[cds_ol_rx_threa]'])
[2024-04-27  15:20:48.729] loggerx.py -> logger line:55 [INFO] : ========> parse_process - ('REPLACE INTO LOGPID VALUES (?, ?, ?, ?, ?, ?, ?, ?, ?)', ['root', '1137', '2', '0', '0', '0', '0', 'I', '[kworker/2:0-events_power_efficient]'])
[2024-04-27  15:20:48.729] loggerx.py -> logger line:55 [INFO] : ========> parse_process - ('REPLACE INTO LOGPID VALUES (?, ?, ?, ?, ?, ?, ?, ?, ?)', ['wifi', '1275', '1', '12358748', '14676', '0', '0', 'S', 'wpa_supplicant'])
[2024-04-27  15:20:48.729] loggerx.py -> logger line:55 [INFO] : ========> parse_process - ('REPLACE INTO LOGPID VALUES (?, ?, ?, ?, ?, ?, ?, ?, ?)', ['system', '1365', '368', '16275616', '136380', '0', '0', 'S', 'com.android.car'])
[2024-04-27  15:20:48.729] loggerx.py -> logger line:55 [INFO] : ========> parse_process - ('REPLACE INTO LOGPID VALUES (?, ?, ?, ?, ?, ?, ?, ?, ?)', ['system', '1385', '368', '15912948', '97380', '0', '0', 'S', 'com.adayo.service.shareinfo'])
[2024-04-27  15:20:48.729] loggerx.py -> logger line:55 [INFO] : ========> parse_process - ('REPLACE INTO LOGPID VALUES (?, ?, ?, ?, ?, ?, ?, ?, ?)', ['system', '1409', '368', '15923212', '93952', '0', '0', 'S', 'com.adayo.fotaservice'])
[2024-04-27  15:20:48.729] loggerx.py -> logger line:55 [INFO] : ========> parse_process - ('REPLACE INTO LOGPID VALUES (?, ?, ?, ?, ?, ?, ?, ?, ?)', ['system', '1431', '368', '16187572', '110440', '0', '0', 'S', 'com.adayo.service.sourcemngservice'])
[2024-04-27  15:20:48.730] loggerx.py -> logger line:55 [INFO] : ========> parse_process - ('REPLACE INTO LOGPID VALUES (?, ?, ?, ?, ?, ?, ?, ?, ?)', ['webview_zygote', '1447', '369', '1729704', '65516', '0', '0', 'S', 'webview_zygote'])
[2024-04-27  15:20:48.730] loggerx.py -> logger line:55 [INFO] : ========> parse_process - ('REPLACE INTO LOGPID VALUES (?, ?, ?, ?, ?, ?, ?, ?, ?)', ['system', '1468', '368', '16789400', '297756', '0', '0', 'S', 'com.android.systemui'])
[2024-04-27  15:20:48.730] loggerx.py -> logger line:55 [INFO] : ========> parse_process - ('REPLACE INTO LOGPID VALUES (?, ?, ?, ?, ?, ?, ?, ?, ?)', ['network_stack', '1507', '368', '16055604', '109296', '0', '0', 'S', 'com.android.networkstack.process'])
[2024-04-27  15:20:48.730] loggerx.py -> logger line:55 [INFO] : ========> parse_process - ('REPLACE INTO LOGPID VALUES (?, ?, ?, ?, ?, ?, ?, ?, ?)', ['system', '1565', '368', '16863340', '98644', '0', '0', 'S', 'com.adayo.aaop_systemservice'])
[2024-04-27  15:20:48.730] loggerx.py -> logger line:55 [INFO] : ========> parse_process - ('REPLACE INTO LOGPID VALUES (?, ?, ?, ?, ?, ?, ?, ?, ?)', ['u0_a19', '1588', '368', '15879680', '92132', '0', '0', 'S', 'com.google.android.car.kitchensink'])
[2024-04-27  15:20:48.730] loggerx.py -> logger line:55 [INFO] : ========> parse_process - ('REPLACE INTO LOGPID VALUES (?, ?, ?, ?, ?, ?, ?, ?, ?)', ['u0_a48', '1617', '368', '15930784', '87928', '0', '0', 'S', '.qtidataservices'])
[2024-04-27  15:20:48.731] loggerx.py -> logger line:55 [INFO] : ========> parse_process - ('REPLACE INTO LOGPID VALUES (?, ?, ?, ?, ?, ?, ?, ?, ?)', ['system', '1623', '368', '29102148', '96532', '0', '0', 'S', 'com.adayo.app.messagecenter'])
[2024-04-27  15:20:48.731] loggerx.py -> logger line:55 [INFO] : ========> parse_process - ('REPLACE INTO LOGPID VALUES (?, ?, ?, ?, ?, ?, ?, ?, ?)', ['secure_element', '1664', '368', '15895632', '89592', '0', '0', 'S', 'com.android.se'])
[2024-04-27  15:20:48.731] loggerx.py -> logger line:55 [INFO] : ========> parse_process - ('REPLACE INTO LOGPID VALUES (?, ?, ?, ?, ?, ?, ?, ?, ?)', ['system', '1703', '368', '16911572', '299992', '0', '0', 'S', 'com.adayo.app.launcher'])
[2024-04-27  15:20:48.731] loggerx.py -> logger line:55 [INFO] : ========> parse_process - ('REPLACE INTO LOGPID VALUES (?, ?, ?, ?, ?, ?, ?, ?, ?)', ['u0_a36', '1787', '368', '16143800', '94264', '0', '0', 'S', 'com.nforetek.bt'])
[2024-04-27  15:20:48.731] loggerx.py -> logger line:55 [INFO] : ========> parse_process - ('REPLACE INTO LOGPID VALUES (?, ?, ?, ?, ?, ?, ?, ?, ?)', ['nobody', '1816', '1', '12363864', '3496', '0', '0', 'S', 'com.android.car.procfsinspector'])
[2024-04-27  15:20:48.731] loggerx.py -> logger line:55 [INFO] : ========> parse_process - ('REPLACE INTO LOGPID VALUES (?, ?, ?, ?, ?, ?, ?, ?, ?)', ['system', '1839', '368', '15936100', '110336', '0', '0', 'S', 'com.adayo.phonelink'])
[2024-04-27  15:20:48.732] loggerx.py -> logger line:55 [INFO] : ========> parse_process - ('REPLACE INTO LOGPID VALUES (?, ?, ?, ?, ?, ?, ?, ?, ?)', ['system', '1865', '368', '15916312', '95808', '0', '0', 'S', 'com.adayo.fotaapp'])
[2024-04-27  15:20:48.732] loggerx.py -> logger line:55 [INFO] : ========> parse_process - ('REPLACE INTO LOGPID VALUES (?, ?, ?, ?, ?, ?, ?, ?, ?)', ['system', '1890', '368', '15893192', '99220', '0', '0', 'S', 'com.adayo.adayodatatrack'])
[2024-04-27  15:20:48.732] loggerx.py -> logger line:55 [INFO] : ========> parse_process - ('REPLACE INTO LOGPID VALUES (?, ?, ?, ?, ?, ?, ?, ?, ?)', ['u0_a65', '1920', '368', '15923636', '104760', '0', '0', 'S', 'android.ext.services'])
[2024-04-27  15:20:48.732] loggerx.py -> logger line:55 [INFO] : ========> parse_process - ('REPLACE INTO LOGPID VALUES (?, ?, ?, ?, ?, ?, ?, ?, ?)', ['system', '1955', '368', '15877516', '92720', '0', '0', 'S', 'com.adayo.service.brtbluetooth'])
[2024-04-27  15:20:48.732] loggerx.py -> logger line:55 [INFO] : ========> parse_process - ('REPLACE INTO LOGPID VALUES (?, ?, ?, ?, ?, ?, ?, ?, ?)', ['system', '1989', '368', '15954652', '101652', '0', '0', 'S', 'com.adayo.service.car.inputservice'])
[2024-04-27  15:20:48.732] loggerx.py -> logger line:55 [INFO] : ========> parse_process - ('REPLACE INTO LOGPID VALUES (?, ?, ?, ?, ?, ?, ?, ?, ?)', ['system', '1998', '368', '16254612', '103628', '0', '0', 'S', 'com.nforetek.bt.customer.service'])
[2024-04-27  15:20:48.733] loggerx.py -> logger line:55 [INFO] : ========> parse_process - ('REPLACE INTO LOGPID VALUES (?, ?, ?, ?, ?, ?, ?, ?, ?)', ['system', '2036', '368', '16536860', '127328', '0', '0', 'S', 'com.adayo.service.doip'])
[2024-04-27  15:20:48.733] loggerx.py -> logger line:55 [INFO] : ========> parse_process - ('REPLACE INTO LOGPID VALUES (?, ?, ?, ?, ?, ?, ?, ?, ?)', ['system', '2049', '368', '15859472', '90588', '0', '0', 'S', 'com.android.experimentalcar'])
[2024-04-27  15:20:48.733] loggerx.py -> logger line:55 [INFO] : ========> parse_process - ('REPLACE INTO LOGPID VALUES (?, ?, ?, ?, ?, ?, ?, ?, ?)', ['system', '2080', '368', '15991368', '101072', '0', '0', 'S', 'com.adayo.service.aaopradio'])
[2024-04-27  15:20:48.733] loggerx.py -> logger line:55 [INFO] : ========> parse_process - ('REPLACE INTO LOGPID VALUES (?, ?, ?, ?, ?, ?, ?, ?, ?)', ['system', '2100', '368', '16380688', '122836', '0', '0', 'S', 'com.adayo.aaop_deviceservice'])
[2024-04-27  15:20:48.733] loggerx.py -> logger line:55 [INFO] : ========> parse_process - ('REPLACE INTO LOGPID VALUES (?, ?, ?, ?, ?, ?, ?, ?, ?)', ['system', '2182', '368', '15958680', '121672', '0', '0', 'S', 'com.adayo.service.privacyguide'])
[2024-04-27  15:20:48.733] loggerx.py -> logger line:55 [INFO] : ========> parse_process - ('REPLACE INTO LOGPID VALUES (?, ?, ?, ?, ?, ?, ?, ?, ?)', ['system', '2236', '368', '15963144', '106380', '0', '0', 'S', 'com.adayo.service.xcall'])
[2024-04-27  15:20:48.733] loggerx.py -> logger line:55 [INFO] : ========> parse_process - ('REPLACE INTO LOGPID VALUES (?, ?, ?, ?, ?, ?, ?, ?, ?)', ['system', '2264', '368', '16019544', '108320', '0', '0', 'S', 'com.adayo.service.atsmode'])
[2024-04-27  15:20:48.734] loggerx.py -> logger line:55 [INFO] : ========> parse_process - ('REPLACE INTO LOGPID VALUES (?, ?, ?, ?, ?, ?, ?, ?, ?)', ['system', '2366', '368', '15886924', '102092', '0', '0', 'S', 'com.adayo.service.energymode'])
[2024-04-27  15:20:48.734] loggerx.py -> logger line:55 [INFO] : ========> parse_process - ('REPLACE INTO LOGPID VALUES (?, ?, ?, ?, ?, ?, ?, ?, ?)', ['root', '2526', '268', '12343972', '3088', '0', '0', 'S', 'sh'])
[2024-04-27  15:20:48.734] loggerx.py -> logger line:55 [INFO] : ========> parse_process - ('REPLACE INTO LOGPID VALUES (?, ?, ?, ?, ?, ?, ?, ?, ?)', ['root', '2751', '1', '12383024', '4980', '0', '0', 'S', 'car_power_daemon'])
[2024-04-27  15:20:48.734] loggerx.py -> logger line:55 [INFO] : ========> parse_process - ('REPLACE INTO LOGPID VALUES (?, ?, ?, ?, ?, ?, ?, ?, ?)', ['u0_a31', '2888', '368', '16445936', '199764', '0', '0', 'S', 'com.kika.car.inputmethod'])
[2024-04-27  15:20:48.734] loggerx.py -> logger line:55 [INFO] : ========> parse_process - ('REPLACE INTO LOGPID VALUES (?, ?, ?, ?, ?, ?, ?, ?, ?)', ['u0_a64', '2907', '368', '16097820', '124096', '0', '0', 'S', 'com.android.providers.media.module'])
[2024-04-27  15:20:48.735] loggerx.py -> logger line:55 [INFO] : ========> parse_process - ('REPLACE INTO LOGPID VALUES (?, ?, ?, ?, ?, ?, ?, ?, ?)', ['system', '2922', '368', '16053148', '159496', '0', '0', 'S', 'com.adayo.service.speechsounds'])
[2024-04-27  15:20:48.735] loggerx.py -> logger line:55 [INFO] : ========> parse_process - ('REPLACE INTO LOGPID VALUES (?, ?, ?, ?, ?, ?, ?, ?, ?)', ['system', '2963', '368', '15958984', '111552', '0', '0', 'S', 'com.adayo.app.weather'])
[2024-04-27  15:20:48.735] loggerx.py -> logger line:55 [INFO] : ========> parse_process - ('REPLACE INTO LOGPID VALUES (?, ?, ?, ?, ?, ?, ?, ?, ?)', ['system', '2987', '368', '15936480', '110304', '0', '0', 'S', 'com.adayo.service.systemdialog'])
[2024-04-27  15:20:48.735] loggerx.py -> logger line:55 [INFO] : ========> parse_process - ('REPLACE INTO LOGPID VALUES (?, ?, ?, ?, ?, ?, ?, ?, ?)', ['root', '2989', '2', '0', '0', '0', '0', 'I', '[kworker/u17:0-dwc_wq]'])
[2024-04-27  15:20:48.735] loggerx.py -> logger line:55 [INFO] : ========> parse_process - ('REPLACE INTO LOGPID VALUES (?, ?, ?, ?, ?, ?, ?, ?, ?)', ['system', '3021', '368', '15989240', '120096', '0', '0', 'S', 'com.adayo.app.localcamera'])
[2024-04-27  15:20:48.735] loggerx.py -> logger line:55 [INFO] : ========> parse_process - ('REPLACE INTO LOGPID VALUES (?, ?, ?, ?, ?, ?, ?, ?, ?)', ['system', '3053', '368', '18049284', '479584', '0', '0', 'S', 'com.aispeech.lyra.daemon'])
[2024-04-27  15:20:48.736] loggerx.py -> logger line:55 [INFO] : ========> parse_process - ('REPLACE INTO LOGPID VALUES (?, ?, ?, ?, ?, ?, ?, ?, ?)', ['system', '3087', '368', '15959212', '98676', '0', '0', 'S', 'com.adayo.service.assertService'])
[2024-04-27  15:20:48.736] loggerx.py -> logger line:55 [INFO] : ========> parse_process - ('REPLACE INTO LOGPID VALUES (?, ?, ?, ?, ?, ?, ?, ?, ?)', ['system', '3137', '368', '16833844', '434944', '0', '0', 'S', 'com.adayo.app.bcm'])
[2024-04-27  15:20:48.736] loggerx.py -> logger line:55 [INFO] : ========> parse_process - ('REPLACE INTO LOGPID VALUES (?, ?, ?, ?, ?, ?, ?, ?, ?)', ['system', '3170', '368', '16157624', '124288', '0', '0', 'S', 'com.baic.sdk.iot'])
[2024-04-27  15:20:48.736] loggerx.py -> logger line:55 [INFO] : ========> parse_process - ('REPLACE INTO LOGPID VALUES (?, ?, ?, ?, ?, ?, ?, ?, ?)', ['u0_a39', '3210', '368', '15976476', '106636', '0', '0', 'S', 'com.adayo.service.fyservice'])
[2024-04-27  15:20:48.736] loggerx.py -> logger line:55 [INFO] : ========> parse_process - ('REPLACE INTO LOGPID VALUES (?, ?, ?, ?, ?, ?, ?, ?, ?)', ['system', '3238', '368', '15939148', '99340', '0', '0', 'S', 'com.adayo.service.fotaadapter'])
[2024-04-27  15:20:48.736] loggerx.py -> logger line:55 [INFO] : ========> parse_process - ('REPLACE INTO LOGPID VALUES (?, ?, ?, ?, ?, ?, ?, ?, ?)', ['system', '3251', '368', '17091788', '174440', '0', '0', 'S', 'com.adayo.app.media'])
[2024-04-27  15:20:48.737] loggerx.py -> logger line:55 [INFO] : ========> parse_process - ('REPLACE INTO LOGPID VALUES (?, ?, ?, ?, ?, ?, ?, ?, ?)', ['u0_a11', '3324', '368', '15887656', '94848', '0', '0', 'S', 'android.car.cluster'])
[2024-04-27  15:20:48.737] loggerx.py -> logger line:55 [INFO] : ========> parse_process - ('REPLACE INTO LOGPID VALUES (?, ?, ?, ?, ?, ?, ?, ?, ?)', ['system', '3348', '368', '15900752', '89404', '0', '0', 'S', 'com.adayo.app.tcpdump'])
[2024-04-27  15:20:48.737] loggerx.py -> logger line:55 [INFO] : ========> parse_process - ('REPLACE INTO LOGPID VALUES (?, ?, ?, ?, ?, ?, ?, ?, ?)', ['system', '3425', '368', '15966780', '98472', '0', '0', 'S', 'com.adayo.service.mediascanner'])
[2024-04-27  15:20:48.737] loggerx.py -> logger line:55 [INFO] : ========> parse_process - ('REPLACE INTO LOGPID VALUES (?, ?, ?, ?, ?, ?, ?, ?, ?)', ['system', '3459', '368', '16029512', '102136', '0', '0', 'R', 'com.adayo.service.navi'])
[2024-04-27  15:20:48.737] loggerx.py -> logger line:55 [INFO] : ========> parse_process - ('REPLACE INTO LOGPID VALUES (?, ?, ?, ?, ?, ?, ?, ?, ?)', ['system', '3488', '368', '16467792', '118892', '0', '0', 'S', 'com.adayo.service.media'])
[2024-04-27  15:20:48.737] loggerx.py -> logger line:55 [INFO] : ========> parse_process - ('REPLACE INTO LOGPID VALUES (?, ?, ?, ?, ?, ?, ?, ?, ?)', ['system', '3511', '368', '15968784', '90696', '0', '0', 'S', 'com.adayo.someipprotocolstackservice'])
[2024-04-27  15:20:48.738] loggerx.py -> logger line:55 [INFO] : ========> parse_process - ('REPLACE INTO LOGPID VALUES (?, ?, ?, ?, ?, ?, ?, ?, ?)', ['system', '3537', '368', '15894928', '86476', '0', '0', 'S', 'com.adayo.service.adas'])
[2024-04-27  15:20:48.738] loggerx.py -> logger line:55 [INFO] : ========> parse_process - ('REPLACE INTO LOGPID VALUES (?, ?, ?, ?, ?, ?, ?, ?, ?)', ['system', '3564', '368', '17942348', '280620', '0', '0', 'S', 'com.ebanma.map.main'])
[2024-04-27  15:20:48.738] loggerx.py -> logger line:55 [INFO] : ========> parse_process - ('REPLACE INTO LOGPID VALUES (?, ?, ?, ?, ?, ?, ?, ?, ?)', ['system', '3590', '368', '15908360', '99396', '0', '0', 'S', 'com.adayo.app.dvr'])
[2024-04-27  15:20:48.738] loggerx.py -> logger line:55 [INFO] : ========> parse_process - ('REPLACE INTO LOGPID VALUES (?, ?, ?, ?, ?, ?, ?, ?, ?)', ['system', '3623', '368', '15957984', '123212', '0', '0', 'S', 'com.adayo.bcm.light.SceneModeService'])
[2024-04-27  15:20:48.738] loggerx.py -> logger line:55 [INFO] : ========> parse_process - ('REPLACE INTO LOGPID VALUES (?, ?, ?, ?, ?, ?, ?, ?, ?)', ['system', '3655', '368', '15909516', '97792', '0', '0', 'S', 'com.adayo.app.chargingcenter'])
[2024-04-27  15:20:48.738] loggerx.py -> logger line:55 [INFO] : ========> parse_process - ('REPLACE INTO LOGPID VALUES (?, ?, ?, ?, ?, ?, ?, ?, ?)', ['u0_a25', '3831', '368', '16046204', '93360', '0', '0', 'S', 'com.huawei.hwid.persistent'])
[2024-04-27  15:20:48.739] loggerx.py -> logger line:55 [INFO] : ========> parse_process - ('REPLACE INTO LOGPID VALUES (?, ?, ?, ?, ?, ?, ?, ?, ?)', ['system', '3937', '368', '16512364', '146736', '0', '0', 'S', 'com.adayo.app.media:QQPlayerProcess'])
[2024-04-27  15:20:48.739] loggerx.py -> logger line:55 [INFO] : ========> parse_process - ('REPLACE INTO LOGPID VALUES (?, ?, ?, ?, ?, ?, ?, ?, ?)', ['u0_a25', '4053', '368', '16758888', '129848', '0', '0', 'S', 'com.huawei.hwid.core'])
[2024-04-27  15:20:48.739] loggerx.py -> logger line:55 [INFO] : ========> parse_process - ('REPLACE INTO LOGPID VALUES (?, ?, ?, ?, ?, ?, ?, ?, ?)', ['system', '4138', '368', '16040428', '120492', '0', '0', 'S', 'com.adayo.service.xmlyplayerservice'])
[2024-04-27  15:20:48.739] loggerx.py -> logger line:55 [INFO] : ========> parse_process - ('REPLACE INTO LOGPID VALUES (?, ?, ?, ?, ?, ?, ?, ?, ?)', ['root', '4162', '2', '0', '0', '0', '0', 'I', '[kworker/1:0-events_power_efficient]'])
[2024-04-27  15:20:48.739] loggerx.py -> logger line:55 [INFO] : ========> parse_process - ('REPLACE INTO LOGPID VALUES (?, ?, ?, ?, ?, ?, ?, ?, ?)', ['root', '4197', '2', '0', '0', '0', '0', 'I', '[kworker/4:1-sock_diag_events]'])
[2024-04-27  15:20:48.739] loggerx.py -> logger line:55 [INFO] : ========> parse_process - ('REPLACE INTO LOGPID VALUES (?, ?, ?, ?, ?, ?, ?, ?, ?)', ['root', '4298', '2', '0', '0', '0', '0', 'I', '[kworker/7:0-events]'])
[2024-04-27  15:20:48.740] loggerx.py -> logger line:55 [INFO] : ========> parse_process - ('REPLACE INTO LOGPID VALUES (?, ?, ?, ?, ?, ?, ?, ?, ?)', ['system', '4377', '3459', '12344096', '2228', '0', '0', 'S', 'getevent'])
[2024-04-27  15:20:48.740] loggerx.py -> logger line:55 [INFO] : ========> parse_process - ('REPLACE INTO LOGPID VALUES (?, ?, ?, ?, ?, ?, ?, ?, ?)', ['u0_a69', '4438', '368', '15892816', '91256', '0', '0', 'S', 'com.baic.icc.bsvs.usermanual:main_service'])
[2024-04-27  15:20:48.740] loggerx.py -> logger line:55 [INFO] : ========> parse_process - ('REPLACE INTO LOGPID VALUES (?, ?, ?, ?, ?, ?, ?, ?, ?)', ['system', '4472', '368', '16352868', '119832', '0', '0', 'S', 'com.uaes.iot'])
[2024-04-27  15:20:48.740] loggerx.py -> logger line:55 [INFO] : ========> parse_process - ('REPLACE INTO LOGPID VALUES (?, ?, ?, ?, ?, ?, ?, ?, ?)', ['system', '4520', '368', '16087884', '118928', '0', '0', 'S', 'com.adayo.app.personalcenter'])
[2024-04-27  15:20:48.740] loggerx.py -> logger line:55 [INFO] : ========> parse_process - ('REPLACE INTO LOGPID VALUES (?, ?, ?, ?, ?, ?, ?, ?, ?)', ['system', '4561', '368', '15898280', '89700', '0', '0', 'S', 'com.qti.diagservices'])
[2024-04-27  15:20:48.741] loggerx.py -> logger line:55 [INFO] : ========> parse_process - ('REPLACE INTO LOGPID VALUES (?, ?, ?, ?, ?, ?, ?, ?, ?)', ['shell', '4623', '1', '12503108', '9160', '0', '0', 'S', 'adbd'])
[2024-04-27  15:20:48.741] loggerx.py -> logger line:55 [INFO] : ========> parse_process - ('REPLACE INTO LOGPID VALUES (?, ?, ?, ?, ?, ?, ?, ?, ?)', ['system', '4691', '368', '15946608', '92780', '0', '0', 'S', 'com.uaes.iot:watch'])
[2024-04-27  15:20:48.741] loggerx.py -> logger line:55 [INFO] : ========> parse_process - ('REPLACE INTO LOGPID VALUES (?, ?, ?, ?, ?, ?, ?, ?, ?)', ['system', '4716', '368', '16009456', '133992', '0', '0', 'S', 'com.adayo.app.factorymode'])
[2024-04-27  15:20:48.741] loggerx.py -> logger line:55 [INFO] : ========> parse_process - ('REPLACE INTO LOGPID VALUES (?, ?, ?, ?, ?, ?, ?, ?, ?)', ['system', '4868', '368', '15884532', '97076', '0', '0', 'S', 'cn.com.X509'])
[2024-04-27  15:20:48.741] loggerx.py -> logger line:55 [INFO] : ========> parse_process - ('REPLACE INTO LOGPID VALUES (?, ?, ?, ?, ?, ?, ?, ?, ?)', ['system', '4924', '368', '15966800', '96368', '0', '0', 'S', 'com.adayo.app.autotest'])
[2024-04-27  15:20:48.741] loggerx.py -> logger line:55 [INFO] : ========> parse_process - ('REPLACE INTO LOGPID VALUES (?, ?, ?, ?, ?, ?, ?, ?, ?)', ['system', '4997', '368', '15912180', '86076', '0', '0', 'S', 'com.adayo.service.ethdiag'])
[2024-04-27  15:20:48.742] loggerx.py -> logger line:55 [INFO] : ========> parse_process - ('REPLACE INTO LOGPID VALUES (?, ?, ?, ?, ?, ?, ?, ?, ?)', ['root', '5008', '2', '0', '0', '0', '0', 'I', '[kworker/5:0-events]'])
[2024-04-27  15:20:48.742] loggerx.py -> logger line:55 [INFO] : ========> parse_process - ('REPLACE INTO LOGPID VALUES (?, ?, ?, ?, ?, ?, ?, ?, ?)', ['root', '5058', '2', '0', '0', '0', '0', 'I', '[kworker/3:0-events]'])
[2024-04-27  15:20:48.742] loggerx.py -> logger line:55 [INFO] : ========> parse_process - ('REPLACE INTO LOGPID VALUES (?, ?, ?, ?, ?, ?, ?, ?, ?)', ['root', '5167', '2', '0', '0', '0', '0', 'I', '[kworker/6:2-events_power_efficient]'])
[2024-04-27  15:20:48.742] loggerx.py -> logger line:55 [INFO] : ========> parse_process - ('REPLACE INTO LOGPID VALUES (?, ?, ?, ?, ?, ?, ?, ?, ?)', ['system', '5215', '368', '15868620', '93016', '0', '0', 'S', 'com.adayo.bluetooth.db'])
[2024-04-27  15:20:48.742] loggerx.py -> logger line:55 [INFO] : ========> parse_process - ('REPLACE INTO LOGPID VALUES (?, ?, ?, ?, ?, ?, ?, ?, ?)', ['root', '5258', '2', '0', '0', '0', '0', 'I', '[kworker/2:1-asm330lhh]'])
[2024-04-27  15:20:48.742] loggerx.py -> logger line:55 [INFO] : ========> parse_process - ('REPLACE INTO LOGPID VALUES (?, ?, ?, ?, ?, ?, ?, ?, ?)', ['u0_a20', '5702', '368', '15993280', '122248', '0', '0', 'S', 'com.huawei.hmsforcar.carappinit'])
[2024-04-27  15:20:48.743] loggerx.py -> logger line:55 [INFO] : ========> parse_process - ('REPLACE INTO LOGPID VALUES (?, ?, ?, ?, ?, ?, ?, ?, ?)', ['system', '6179', '368', '16056292', '114812', '0', '0', 'S', 'com.adayo.service.log'])
[2024-04-27  15:20:48.743] loggerx.py -> logger line:55 [INFO] : ========> parse_process - ('REPLACE INTO LOGPID VALUES (?, ?, ?, ?, ?, ?, ?, ?, ?)', ['system', '6618', '368', '16126548', '117332', '0', '0', 'S', 'com.baic.icc.voicehub'])
[2024-04-27  15:20:48.743] loggerx.py -> logger line:55 [INFO] : ========> parse_process - ('REPLACE INTO LOGPID VALUES (?, ?, ?, ?, ?, ?, ?, ?, ?)', ['u0_a25', '6655', '368', '16048476', '122176', '0', '0', 'S', 'com.huawei.hwid.container3'])
[2024-04-27  15:20:48.743] loggerx.py -> logger line:55 [INFO] : ========> parse_process - ('REPLACE INTO LOGPID VALUES (?, ?, ?, ?, ?, ?, ?, ?, ?)', ['root', '6834', '2', '0', '0', '0', '0', 'I', '[kworker/u17:1-dwc_wq]'])
[2024-04-27  15:20:48.743] loggerx.py -> logger line:55 [INFO] : ========> parse_process - ('REPLACE INTO LOGPID VALUES (?, ?, ?, ?, ?, ?, ?, ?, ?)', ['root', '7119', '2', '0', '0', '0', '0', 'I', '[kworker/u16:3-adb]'])
[2024-04-27  15:20:48.743] loggerx.py -> logger line:55 [INFO] : ========> parse_process - ('REPLACE INTO LOGPID VALUES (?, ?, ?, ?, ?, ?, ?, ?, ?)', ['root', '7242', '2', '0', '0', '0', '0', 'I', '[kworker/0:1-events]'])
[2024-04-27  15:20:48.744] loggerx.py -> logger line:55 [INFO] : ========> parse_process - ('REPLACE INTO LOGPID VALUES (?, ?, ?, ?, ?, ?, ?, ?, ?)', ['system', '7273', '368', '16116924', '158588', '0', '0', 'S', 'com.adayo.voiceadaptation'])
[2024-04-27  15:20:48.744] loggerx.py -> logger line:55 [INFO] : ========> parse_process - ('REPLACE INTO LOGPID VALUES (?, ?, ?, ?, ?, ?, ?, ?, ?)', ['u0_a44', '7418', '369', '2067588', '210092', '0', '0', 'S', 'com.bytedance.byteautoservice'])
[2024-04-27  15:20:48.744] loggerx.py -> logger line:55 [INFO] : ========> parse_process - ('REPLACE INTO LOGPID VALUES (?, ?, ?, ?, ?, ?, ?, ?, ?)', ['root', '7814', '719', '12346376', '3144', '0', '0', 'S', 'sleep'])
[2024-04-27  15:20:48.744] loggerx.py -> logger line:55 [INFO] : ========> parse_process - ('REPLACE INTO LOGPID VALUES (?, ?, ?, ?, ?, ?, ?, ?, ?)', ['u0_a4', '7879', '368', '15845540', '90080', '0', '0', 'S', 'android.process.media'])
[2024-04-27  15:20:48.744] loggerx.py -> logger line:55 [INFO] : ========> parse_process - ('REPLACE INTO LOGPID VALUES (?, ?, ?, ?, ?, ?, ?, ?, ?)', ['root', '7940', '1', '12343972', '2948', '0', '0', 'S', 'sh'])
[2024-04-27  15:20:48.744] loggerx.py -> logger line:55 [INFO] : ========> parse_process - ('REPLACE INTO LOGPID VALUES (?, ?, ?, ?, ?, ?, ?, ?, ?)', ['root', '7951', '7940', '12346376', '3224', '0', '0', 'S', 'cat'])
[2024-04-27  15:20:48.745] loggerx.py -> logger line:55 [INFO] : ========> parse_process - ('REPLACE INTO LOGPID VALUES (?, ?, ?, ?, ?, ?, ?, ?, ?)', ['system', '8000', '3564', '0', '0', '0', '0', 'D', '[getevent]'])
[2024-04-27  15:20:48.745] loggerx.py -> logger line:55 [INFO] : ========> parse_process - ('REPLACE INTO LOGPID VALUES (?, ?, ?, ?, ?, ?, ?, ?, ?)', ['shell', '8001', '4623', '12346508', '3320', '0', '0', 'R', 'ps'])
[2024-04-27  15:20:48.745] loggerx.py -> logger line:55 [INFO] : ========> parse_process - ('REPLACE INTO LOGPID VALUES (?, ?, ?, ?, ?, ?, ?, ?, ?)', ['root', '22953', '2', '0', '0', '0', '0', 'I', '[kworker/u16:2-events_unbound]'])
[2024-04-27  15:20:48.745] loggerx.py -> logger line:55 [INFO] : ========> parse_process - ('REPLACE INTO LOGPID VALUES (?, ?, ?, ?, ?, ?, ?, ?, ?)', ['root', '25766', '2', '0', '0', '0', '0', 'I', '[kworker/u16:0-adb]'])
[2024-04-27  15:20:48.745] loggerx.py -> logger line:55 [INFO] : ========> parse_process - ('REPLACE INTO LOGPID VALUES (?, ?, ?, ?, ?, ?, ?, ?, ?)', ['root', '26198', '2', '0', '0', '0', '0', 'I', '[kworker/3:2-cgroup_pidlist_destroy]'])
[2024-04-27  15:20:48.745] loggerx.py -> logger line:55 [INFO] : ========> parse_process - ('REPLACE INTO LOGPID VALUES (?, ?, ?, ?, ?, ?, ?, ?, ?)', ['root', '27683', '2', '0', '0', '0', '0', 'I', '[kworker/u16:5-events_unbound]'])
[2024-04-27  15:20:48.746] loggerx.py -> logger line:55 [INFO] : ========> parse_process - ('REPLACE INTO LOGPID VALUES (?, ?, ?, ?, ?, ?, ?, ?, ?)', ['root', '28680', '2', '0', '0', '0', '0', 'I', '[kworker/2:3-events]'])
[2024-04-27  15:20:48.746] loggerx.py -> logger line:55 [INFO] : ========> parse_process - ('REPLACE INTO LOGPID VALUES (?, ?, ?, ?, ?, ?, ?, ?, ?)', ['root', '28849', '2', '0', '0', '0', '0', 'I', '[kworker/6:0-cgroup_pidlist_destroy]'])
[2024-04-27  15:20:48.746] loggerx.py -> logger line:55 [INFO] : ========> parse_process - ('REPLACE INTO LOGPID VALUES (?, ?, ?, ?, ?, ?, ?, ?, ?)', ['root', '29040', '2', '0', '0', '0', '0', 'I', '[kworker/0:2-cgroup_pidlist_destroy]'])
[2024-04-27  15:20:48.746] loggerx.py -> logger line:55 [INFO] : ========> parse_process - ('REPLACE INTO LOGPID VALUES (?, ?, ?, ?, ?, ?, ?, ?, ?)', ['system', '29594', '368', '16493688', '271080', '0', '0', 'S', 'com.adayo.app.setting'])
[2024-04-27  15:20:48.746] loggerx.py -> logger line:55 [INFO] : ========> parse_process - ('REPLACE INTO LOGPID VALUES (?, ?, ?, ?, ?, ?, ?, ?, ?)', ['root', '29946', '2', '0', '0', '0', '0', 'I', '[kworker/4:2-cgroup_pidlist_destroy]'])
[2024-04-27  15:20:48.747] loggerx.py -> logger line:55 [INFO] : ========> parse_process - ('REPLACE INTO LOGPID VALUES (?, ?, ?, ?, ?, ?, ?, ?, ?)', ['bluetooth', '30209', '368', '15894564', '92868', '0', '0', 'S', 'com.android.bluetooth'])
[2024-04-27  15:20:48.747] loggerx.py -> logger line:55 [INFO] : ========> parse_process - ('REPLACE INTO LOGPID VALUES (?, ?, ?, ?, ?, ?, ?, ?, ?)', ['u0_a17', '30229', '368', '15913704', '91948', '0', '0', 'S', 'com.android.car.media.localmediaplayer'])
[2024-04-27  15:20:48.747] loggerx.py -> logger line:55 [INFO] : ========> parse_process - ('REPLACE INTO LOGPID VALUES (?, ?, ?, ?, ?, ?, ?, ?, ?)', ['u0_a60', '30251', '368', '15859332', '84112', '0', '0', 'S', 'com.android.music'])
[2024-04-27  15:20:48.747] loggerx.py -> logger line:55 [INFO] : ========> parse_process - ('REPLACE INTO LOGPID VALUES (?, ?, ?, ?, ?, ?, ?, ?, ?)', ['u0_a30', '30294', '369', '2014700', '127376', '0', '0', 'S', 'com.tencent.qqlive.audiobox'])
[2024-04-27  15:20:48.747] loggerx.py -> logger line:55 [INFO] : ========> parse_process - ('REPLACE INTO LOGPID VALUES (?, ?, ?, ?, ?, ?, ?, ?, ?)', ['u0_a35', '30344', '369', '1921376', '102176', '0', '0', 'S', 'com.ktcp.aiagent'])
[2024-04-27  15:20:48.747] loggerx.py -> logger line:55 [INFO] : ========> parse_process - ('REPLACE INTO LOGPID VALUES (?, ?, ?, ?, ?, ?, ?, ?, ?)', ['root', '30952', '2', '0', '0', '0', '0', 'I', '[kworker/1:2-cgroup_pidlist_destroy]'])
[2024-04-27  15:20:48.748] loggerx.py -> logger line:55 [INFO] : ========> parse_process - ('REPLACE INTO LOGPID VALUES (?, ?, ?, ?, ?, ?, ?, ?, ?)', ['root', '31606', '2', '0', '0', '0', '0', 'I', '[kworker/u17:2-dwc_wq]'])
[2024-04-27  15:20:48.748] loggerx.py -> logger line:55 [INFO] : ========> parse_process - ('REPLACE INTO LOGPID VALUES (?, ?, ?, ?, ?, ?, ?, ?, ?)', ['root', '32057', '2', '0', '0', '0', '0', 'I', '[kworker/7:1-cgroup_pidlist_destroy]'])
[2024-04-27  15:20:48.748] loggerx.py -> logger line:55 [INFO] : ========> parse_process - ('REPLACE INTO LOGPID VALUES (?, ?, ?, ?, ?, ?, ?, ?, ?)', ['root', '32404', '2', '0', '0', '0', '0', 'I', '[kworker/0:0-cgroup_destroy]'])
[2024-04-27  15:20:48.748] loggerx.py -> logger line:55 [INFO] : ========> parse_process - ('REPLACE INTO LOGPID VALUES (?, ?, ?, ?, ?, ?, ?, ?, ?)', ['root', '32657', '2', '0', '0', '0', '0', 'I', '[kworker/5:1-cgroup_pidlist_destroy]'])
